#
# A fatal error has been detected by the Java Runtime Environment:
#
#  EXCEPTION_ACCESS_VIOLATION (0xc0000005) at pc=0x00007ff88b53a2d5, pid=1936, tid=0x0000000000002028
#
# JRE version: Java(TM) SE Runtime Environment (8.0_111-b14) (build 1.8.0_111-b14)
# Java VM: Java HotSpot(TM) 64-Bit Server VM (25.111-b14 mixed mode windows-amd64 compressed oops)
# Problematic frame:
# C  [NBioBSP.dll+0x1aa2d5]
#
# Failed to write core dump. Minidumps are not enabled by default on client versions of Windows
#
# If you would like to submit a bug report, please visit:
#   http://bugreport.java.com/bugreport/crash.jsp
# The crash happened outside the Java Virtual Machine in native code.
# See problematic frame for where to report the bug.
#

---------------  T H R E A D  ---------------

Current thread (0x000000001b767000):  JavaThread "http-nio-8080-exec-2" daemon [_thread_in_native, id=8232, stack(0x00000000205f0000,0x00000000206f0000)]

siginfo: ExceptionCode=0xc0000005, reading address 0x000000007ce21778

Registers:
RAX=0x0000000140004040, RBX=0x00000000206ec998, RCX=0x000000019dd7b610, RDX=0xfffffffedf0a6168
RSP=0x00000000206ebd98, RBP=0x0000000000000011, RSI=0x000000001f0aa090, RDI=0x000000001f0aba00
R8 =0x000000005dd775d4, R9 =0x0000000000000000, R10=0x0000000000000000, R11=0x0000000140004040
R12=0x00000000206ebe50, R13=0x00000000206ec958, R14=0x0000000000000000, R15=0x0000000000000000
RIP=0x00007ff88b53a2d5, EFLAGS=0x0000000000010202

Top of Stack: (sp=0x00000000206ebd98)
0x00000000206ebd98:   00007ff88b3c7d0a 00000000206ec998
0x00000000206ebda8:   000000001f0aa090 000000001f0aa090
0x00000000206ebdb8:   0000000000000012 00000000206ebe20
0x00000000206ebdc8:   0000000000000000 00000000206ecb48
0x00000000206ebdd8:   00007ff88b3c8d8c fffffffffffffffe
0x00000000206ebde8:   00007ff88b57dfe8 0000000000000000
0x00000000206ebdf8:   000000001f0aa190 00000000206ec978
0x00000000206ebe08:   0000000000000400 00000000206ec950
0x00000000206ebe18:   00007ff88b3cb249 000000000000000c
0x00000000206ebe28:   000000001f0ab0c8 000000001f0aa190
0x00000000206ebe38:   0000000000000000 00000000206ebe58
0x00000000206ebe48:   00000000206ebea8 000000001f0aba00
0x00000000206ebe58:   00000000d75a2938 00000000d75a28e8
0x00000000206ebe68:   00000000206ebe68 0000000016d42204
0x00000000206ebe78:   0000000000000000 0000000016d43350
0x00000000206ebe88:   00000000206ec950 0000000016d42220 

Instructions: (pc=0x00007ff88b53a2d5)
0x00007ff88b53a2b5:   c8 88 01 f6 c1 02 74 0f 48 83 e9 02 66 8b 04 0a
0x00007ff88b53a2c5:   49 83 e8 02 66 89 01 f6 c1 04 74 0d 48 83 e9 04
0x00007ff88b53a2d5:   8b 04 0a 49 83 e8 04 89 01 4d 8b c8 49 c1 e9 05
0x00007ff88b53a2e5:   75 50 4d 8b c8 49 c1 e9 03 74 14 48 83 e9 08 48 


Register to memory mapping:

RAX=0x0000000140004040 is an unknown value
RBX=0x00000000206ec998 is pointing into the stack for thread: 0x000000001b767000
RCX=0x000000019dd7b610 is an unknown value
RDX=0xfffffffedf0a6168 is an unknown value
RSP=0x00000000206ebd98 is pointing into the stack for thread: 0x000000001b767000
RBP=0x0000000000000011 is an unknown value
RSI=0x000000001f0aa090 is an unknown value
RDI=0x000000001f0aba00 is an unknown value
R8 =0x000000005dd775d4 is an unknown value
R9 =0x0000000000000000 is an unknown value
R10=0x0000000000000000 is an unknown value
R11=0x0000000140004040 is an unknown value
R12=0x00000000206ebe50 is pointing into the stack for thread: 0x000000001b767000
R13=0x00000000206ec958 is pointing into the stack for thread: 0x000000001b767000
R14=0x0000000000000000 is an unknown value
R15=0x0000000000000000 is an unknown value


Stack: [0x00000000205f0000,0x00000000206f0000],  sp=0x00000000206ebd98,  free space=1007k
Native frames: (J=compiled Java code, j=interpreted, Vv=VM code, C=native code)
C  [NBioBSP.dll+0x1aa2d5]

Java frames: (J=compiled Java code, j=interpreted, Vv=VM code)
j  com.nitgen.SDK.BSP.NBioBSPJNI.NBioAPI_NativeVerifyMatchEx(JLcom/nitgen/SDK/BSP/NBioBSPJNI$INPUT_FIR;Lcom/nitgen/SDK/BSP/NBioBSPJNI$INPUT_FIR;Ljava/lang/Boolean;Lcom/nitgen/SDK/BSP/NBioBSPJNI$FIR_PAYLOAD;Lcom/nitgen/SDK/BSP/NBioBSPJNI$MATCH_OPTION;)I+0
j  com.nitgen.SDK.BSP.NBioBSPJNI.VerifyMatch(Lcom/nitgen/SDK/BSP/NBioBSPJNI$INPUT_FIR;Lcom/nitgen/SDK/BSP/NBioBSPJNI$INPUT_FIR;Ljava/lang/Boolean;Lcom/nitgen/SDK/BSP/NBioBSPJNI$FIR_PAYLOAD;Lcom/nitgen/SDK/BSP/NBioBSPJNI$MATCH_OPTION;)I+23
j  com.nitgen.SDK.BSP.NBioBSPJNI.VerifyMatch(Lcom/nitgen/SDK/BSP/NBioBSPJNI$INPUT_FIR;Lcom/nitgen/SDK/BSP/NBioBSPJNI$INPUT_FIR;Ljava/lang/Boolean;Lcom/nitgen/SDK/BSP/NBioBSPJNI$FIR_PAYLOAD;)I+7
j  Utils.UtilsNitgen.check1to1(Ljava/lang/String;Ljava/lang/String;)Z+135
j  com.fingertech.api.FingertechAPI.Controller.checkFingerprint.checkFingerByReceiver(Ljava/lang/String;)Ljava/lang/String;+9
v  ~StubRoutines::call_stub
J 2330  sun.reflect.NativeMethodAccessorImpl.invoke0(Ljava/lang/reflect/Method;Ljava/lang/Object;[Ljava/lang/Object;)Ljava/lang/Object; (0 bytes) @ 0x0000000003247cbf [0x0000000003247c40+0x7f]
J 2329 C1 sun.reflect.NativeMethodAccessorImpl.invoke(Ljava/lang/Object;[Ljava/lang/Object;)Ljava/lang/Object; (104 bytes) @ 0x000000000324a0a4 [0x0000000003248f00+0x11a4]
J 2410 C2 java.lang.reflect.Method.invoke(Ljava/lang/Object;[Ljava/lang/Object;)Ljava/lang/Object; (62 bytes) @ 0x0000000003295200 [0x0000000003295160+0xa0]
j  org.springframework.web.method.support.InvocableHandlerMethod.doInvoke([Ljava/lang/Object;)Ljava/lang/Object;+16
j  org.springframework.web.method.support.InvocableHandlerMethod.invokeForRequest(Lorg/springframework/web/context/request/NativeWebRequest;Lorg/springframework/web/method/support/ModelAndViewContainer;[Ljava/lang/Object;)Ljava/lang/Object;+56
j  org.springframework.web.servlet.mvc.method.annotation.ServletInvocableHandlerMethod.invokeAndHandle(Lorg/springframework/web/context/request/ServletWebRequest;Lorg/springframework/web/method/support/ModelAndViewContainer;[Ljava/lang/Object;)V+4
j  org.springframework.web.servlet.mvc.method.annotation.RequestMappingHandlerAdapter.invokeHandlerMethod(Ljavax/servlet/http/HttpServletRequest;Ljavax/servlet/http/HttpServletResponse;Lorg/springframework/web/method/HandlerMethod;)Lorg/springframework/web/servlet/ModelAndView;+244
j  org.springframework.web.servlet.mvc.method.annotation.RequestMappingHandlerAdapter.handleInternal(Ljavax/servlet/http/HttpServletRequest;Ljavax/servlet/http/HttpServletResponse;Lorg/springframework/web/method/HandlerMethod;)Lorg/springframework/web/servlet/ModelAndView;+81
j  org.springframework.web.servlet.mvc.method.AbstractHandlerMethodAdapter.handle(Ljavax/servlet/http/HttpServletRequest;Ljavax/servlet/http/HttpServletResponse;Ljava/lang/Object;)Lorg/springframework/web/servlet/ModelAndView;+7
j  org.springframework.web.servlet.DispatcherServlet.doDispatch(Ljavax/servlet/http/HttpServletRequest;Ljavax/servlet/http/HttpServletResponse;)V+257
j  org.springframework.web.servlet.DispatcherServlet.doService(Ljavax/servlet/http/HttpServletRequest;Ljavax/servlet/http/HttpServletResponse;)V+212
j  org.springframework.web.servlet.FrameworkServlet.processRequest(Ljavax/servlet/http/HttpServletRequest;Ljavax/servlet/http/HttpServletResponse;)V+71
j  org.springframework.web.servlet.FrameworkServlet.doGet(Ljavax/servlet/http/HttpServletRequest;Ljavax/servlet/http/HttpServletResponse;)V+3
j  javax.servlet.http.HttpServlet.service(Ljavax/servlet/http/HttpServletRequest;Ljavax/servlet/http/HttpServletResponse;)V+35
j  org.springframework.web.servlet.FrameworkServlet.service(Ljavax/servlet/http/HttpServletRequest;Ljavax/servlet/http/HttpServletResponse;)V+33
j  javax.servlet.http.HttpServlet.service(Ljavax/servlet/ServletRequest;Ljavax/servlet/ServletResponse;)V+36
j  org.apache.catalina.core.ApplicationFilterChain.internalDoFilter(Ljavax/servlet/ServletRequest;Ljavax/servlet/ServletResponse;)V+304
j  org.apache.catalina.core.ApplicationFilterChain.doFilter(Ljavax/servlet/ServletRequest;Ljavax/servlet/ServletResponse;)V+101
j  org.apache.tomcat.websocket.server.WsFilter.doFilter(Ljavax/servlet/ServletRequest;Ljavax/servlet/ServletResponse;Ljavax/servlet/FilterChain;)V+21
j  org.apache.catalina.core.ApplicationFilterChain.internalDoFilter(Ljavax/servlet/ServletRequest;Ljavax/servlet/ServletResponse;)V+135
j  org.apache.catalina.core.ApplicationFilterChain.doFilter(Ljavax/servlet/ServletRequest;Ljavax/servlet/ServletResponse;)V+101
j  org.springframework.web.filter.RequestContextFilter.doFilterInternal(Ljavax/servlet/http/HttpServletRequest;Ljavax/servlet/http/HttpServletResponse;Ljavax/servlet/FilterChain;)V+21
j  org.springframework.web.filter.OncePerRequestFilter.doFilter(Ljavax/servlet/ServletRequest;Ljavax/servlet/ServletResponse;Ljavax/servlet/FilterChain;)V+111
j  org.apache.catalina.core.ApplicationFilterChain.internalDoFilter(Ljavax/servlet/ServletRequest;Ljavax/servlet/ServletResponse;)V+135
j  org.apache.catalina.core.ApplicationFilterChain.doFilter(Ljavax/servlet/ServletRequest;Ljavax/servlet/ServletResponse;)V+101
j  org.springframework.web.filter.FormContentFilter.doFilterInternal(Ljavax/servlet/http/HttpServletRequest;Ljavax/servlet/http/HttpServletResponse;Ljavax/servlet/FilterChain;)V+38
j  org.springframework.web.filter.OncePerRequestFilter.doFilter(Ljavax/servlet/ServletRequest;Ljavax/servlet/ServletResponse;Ljavax/servlet/FilterChain;)V+111
j  org.apache.catalina.core.ApplicationFilterChain.internalDoFilter(Ljavax/servlet/ServletRequest;Ljavax/servlet/ServletResponse;)V+135
j  org.apache.catalina.core.ApplicationFilterChain.doFilter(Ljavax/servlet/ServletRequest;Ljavax/servlet/ServletResponse;)V+101
j  org.springframework.web.filter.HiddenHttpMethodFilter.doFilterInternal(Ljavax/servlet/http/HttpServletRequest;Ljavax/servlet/http/HttpServletResponse;Ljavax/servlet/FilterChain;)V+87
j  org.springframework.web.filter.OncePerRequestFilter.doFilter(Ljavax/servlet/ServletRequest;Ljavax/servlet/ServletResponse;Ljavax/servlet/FilterChain;)V+111
j  org.apache.catalina.core.ApplicationFilterChain.internalDoFilter(Ljavax/servlet/ServletRequest;Ljavax/servlet/ServletResponse;)V+135
j  org.apache.catalina.core.ApplicationFilterChain.doFilter(Ljavax/servlet/ServletRequest;Ljavax/servlet/ServletResponse;)V+101
j  org.springframework.web.filter.CharacterEncodingFilter.doFilterInternal(Ljavax/servlet/http/HttpServletRequest;Ljavax/servlet/http/HttpServletResponse;Ljavax/servlet/FilterChain;)V+53
j  org.springframework.web.filter.OncePerRequestFilter.doFilter(Ljavax/servlet/ServletRequest;Ljavax/servlet/ServletResponse;Ljavax/servlet/FilterChain;)V+111
j  org.apache.catalina.core.ApplicationFilterChain.internalDoFilter(Ljavax/servlet/ServletRequest;Ljavax/servlet/ServletResponse;)V+135
j  org.apache.catalina.core.ApplicationFilterChain.doFilter(Ljavax/servlet/ServletRequest;Ljavax/servlet/ServletResponse;)V+101
j  org.apache.catalina.core.StandardWrapperValve.invoke(Lorg/apache/catalina/connector/Request;Lorg/apache/catalina/connector/Response;)V+688
j  org.apache.catalina.core.StandardContextValve.invoke(Lorg/apache/catalina/connector/Request;Lorg/apache/catalina/connector/Response;)V+166
j  org.apache.catalina.authenticator.AuthenticatorBase.invoke(Lorg/apache/catalina/connector/Request;Lorg/apache/catalina/connector/Response;)V+260
j  org.apache.catalina.core.StandardHostValve.invoke(Lorg/apache/catalina/connector/Request;Lorg/apache/catalina/connector/Response;)V+114
j  org.apache.catalina.valves.ErrorReportValve.invoke(Lorg/apache/catalina/connector/Request;Lorg/apache/catalina/connector/Response;)V+6
j  org.apache.catalina.core.StandardEngineValve.invoke(Lorg/apache/catalina/connector/Request;Lorg/apache/catalina/connector/Response;)V+45
j  org.apache.catalina.connector.CoyoteAdapter.service(Lorg/apache/coyote/Request;Lorg/apache/coyote/Response;)V+199
j  org.apache.coyote.http11.Http11Processor.service(Lorg/apache/tomcat/util/net/SocketWrapperBase;)Lorg/apache/tomcat/util/net/AbstractEndpoint$Handler$SocketState;+791
j  org.apache.coyote.AbstractProcessorLight.process(Lorg/apache/tomcat/util/net/SocketWrapperBase;Lorg/apache/tomcat/util/net/SocketEvent;)Lorg/apache/tomcat/util/net/AbstractEndpoint$Handler$SocketState;+113
j  org.apache.coyote.AbstractProtocol$ConnectionHandler.process(Lorg/apache/tomcat/util/net/SocketWrapperBase;Lorg/apache/tomcat/util/net/SocketEvent;)Lorg/apache/tomcat/util/net/AbstractEndpoint$Handler$SocketState;+422
j  org.apache.tomcat.util.net.NioEndpoint$SocketProcessor.doRun()V+191
j  org.apache.tomcat.util.net.SocketProcessorBase.run()V+21
j  java.util.concurrent.ThreadPoolExecutor.runWorker(Ljava/util/concurrent/ThreadPoolExecutor$Worker;)V+95
j  java.util.concurrent.ThreadPoolExecutor$Worker.run()V+5
j  org.apache.tomcat.util.threads.TaskThread$WrappingRunnable.run()V+4
j  java.lang.Thread.run()V+11
v  ~StubRoutines::call_stub

---------------  P R O C E S S  ---------------

Java Threads: ( => current thread )
  0x000000001b774000 JavaThread "DestroyJavaVM" [_thread_blocked, id=10488, stack(0x0000000002880000,0x0000000002980000)]
  0x000000001b778000 JavaThread "http-nio-8080-Acceptor-0" daemon [_thread_in_native, id=1944, stack(0x00000000210f0000,0x00000000211f0000)]
  0x000000001b778800 JavaThread "http-nio-8080-ClientPoller-1" daemon [_thread_in_native, id=7640, stack(0x0000000020ff0000,0x00000000210f0000)]
  0x000000001b76a800 JavaThread "http-nio-8080-ClientPoller-0" daemon [_thread_in_native, id=1908, stack(0x0000000020ef0000,0x0000000020ff0000)]
  0x000000001b76b800 JavaThread "http-nio-8080-exec-10" daemon [_thread_blocked, id=8264, stack(0x0000000020df0000,0x0000000020ef0000)]
  0x000000001b76a000 JavaThread "http-nio-8080-exec-9" daemon [_thread_blocked, id=10872, stack(0x0000000020cf0000,0x0000000020df0000)]
  0x000000001b768800 JavaThread "http-nio-8080-exec-8" daemon [_thread_blocked, id=1780, stack(0x0000000020bf0000,0x0000000020cf0000)]
  0x000000001b76d800 JavaThread "http-nio-8080-exec-7" daemon [_thread_blocked, id=4928, stack(0x0000000020af0000,0x0000000020bf0000)]
  0x000000001b769000 JavaThread "http-nio-8080-exec-6" daemon [_thread_blocked, id=7528, stack(0x00000000209f0000,0x0000000020af0000)]
  0x000000001b76d000 JavaThread "http-nio-8080-exec-5" daemon [_thread_blocked, id=10996, stack(0x00000000208f0000,0x00000000209f0000)]
  0x000000001b767800 JavaThread "http-nio-8080-exec-4" daemon [_thread_blocked, id=10400, stack(0x00000000207f0000,0x00000000208f0000)]
  0x000000001b76c000 JavaThread "http-nio-8080-exec-3" daemon [_thread_blocked, id=10428, stack(0x00000000206f0000,0x00000000207f0000)]
=>0x000000001b767000 JavaThread "http-nio-8080-exec-2" daemon [_thread_in_native, id=8232, stack(0x00000000205f0000,0x00000000206f0000)]
  0x000000001d9db800 JavaThread "http-nio-8080-exec-1" daemon [_thread_blocked, id=4744, stack(0x00000000204f0000,0x00000000205f0000)]
  0x0000000019288000 JavaThread "NioBlockingSelector.BlockPoller-1" daemon [_thread_in_native, id=5176, stack(0x00000000203f0000,0x00000000204f0000)]
  0x000000001b3ad800 JavaThread "Live Reload Server" daemon [_thread_in_native, id=6188, stack(0x00000000202f0000,0x00000000203f0000)]
  0x000000001c5ed000 JavaThread "File Watcher" daemon [_thread_blocked, id=212, stack(0x000000001ef40000,0x000000001f040000)]
  0x000000001cb6c800 JavaThread "container-0" [_thread_blocked, id=9536, stack(0x000000001ec40000,0x000000001ed40000)]
  0x000000001c5ef800 JavaThread "Catalina-utility-2" [_thread_blocked, id=9928, stack(0x000000001eb40000,0x000000001ec40000)]
  0x000000001c85e800 JavaThread "Catalina-utility-1" [_thread_blocked, id=1160, stack(0x000000001e770000,0x000000001e870000)]
  0x0000000018f69000 JavaThread "Service Thread" daemon [_thread_blocked, id=9904, stack(0x0000000019330000,0x0000000019430000)]
  0x00000000175ad800 JavaThread "C1 CompilerThread2" daemon [_thread_blocked, id=7620, stack(0x0000000018e30000,0x0000000018f30000)]
  0x00000000175a4800 JavaThread "C2 CompilerThread1" daemon [_thread_blocked, id=12052, stack(0x0000000018d30000,0x0000000018e30000)]
  0x00000000175a2800 JavaThread "C2 CompilerThread0" daemon [_thread_blocked, id=3392, stack(0x0000000018c30000,0x0000000018d30000)]
  0x00000000175a1000 JavaThread "Attach Listener" daemon [_thread_blocked, id=604, stack(0x0000000018b30000,0x0000000018c30000)]
  0x00000000175a0000 JavaThread "Signal Dispatcher" daemon [_thread_blocked, id=10804, stack(0x0000000018a30000,0x0000000018b30000)]
  0x000000001758a800 JavaThread "Finalizer" daemon [_thread_blocked, id=1864, stack(0x0000000018820000,0x0000000018920000)]
  0x0000000017569000 JavaThread "Reference Handler" daemon [_thread_blocked, id=856, stack(0x0000000018720000,0x0000000018820000)]

Other Threads:
  0x0000000017567800 VMThread [stack: 0x0000000018620000,0x0000000018720000] [id=7788]
  0x0000000018f7d000 WatcherThread [stack: 0x0000000019580000,0x0000000019680000] [id=12076]

VM state:not at safepoint (normal execution)

VM Mutex/Monitor currently owned by a thread: None

Heap:
 PSYoungGen      total 113664K, used 22822K [0x00000000d5f80000, 0x00000000e2580000, 0x0000000100000000)
  eden space 101376K, 22% used [0x00000000d5f80000,0x00000000d75c9860,0x00000000dc280000)
  from space 12288K, 0% used [0x00000000dc280000,0x00000000dc280000,0x00000000dce80000)
  to   space 11776K, 0% used [0x00000000e1a00000,0x00000000e1a00000,0x00000000e2580000)
 ParOldGen       total 75776K, used 12791K [0x0000000081e00000, 0x0000000086800000, 0x00000000d5f80000)
  object space 75776K, 16% used [0x0000000081e00000,0x0000000082a7dca0,0x0000000086800000)
 Metaspace       used 35452K, capacity 37212K, committed 37288K, reserved 1081344K
  class space    used 4539K, capacity 4840K, committed 4864K, reserved 1048576K

Card table byte_map: [0x0000000011e40000,0x0000000012240000] byte_map_base: 0x0000000011a31000

Marking Bits: (ParMarkBitMap*) 0x000000006e36a6c0
 Begin Bits: [0x00000000128f0000, 0x0000000014878000)
 End Bits:   [0x0000000014878000, 0x0000000016800000)

Polling page: 0x00000000007e0000

CodeCache: size=245760Kb used=10212Kb max_used=12044Kb free=235547Kb
 bounds [0x0000000002a80000, 0x0000000003650000, 0x0000000011a80000]
 total_blobs=3468 nmethods=3026 adapters=353
 compilation: enabled

Compilation events (10 events):
Event: 39.745 Thread 0x00000000175ad800 3504       1       java.nio.HeapByteBuffer::ix (7 bytes)
Event: 39.745 Thread 0x00000000175ad800 nmethod 3504 0x0000000002d73b10 code [0x0000000002d73c60, 0x0000000002d73d70]
Event: 39.745 Thread 0x00000000175ad800 3505       3       org.apache.tomcat.util.buf.Ascii::toLower (14 bytes)
Event: 39.745 Thread 0x00000000175ad800 nmethod 3505 0x0000000002ce7050 code [0x0000000002ce71a0, 0x0000000002ce7310]
Event: 39.746 Thread 0x00000000175ad800 3506       3       java.io.StringReader::ensureOpen (18 bytes)
Event: 39.746 Thread 0x00000000175ad800 nmethod 3506 0x0000000002b9ea90 code [0x0000000002b9ec00, 0x0000000002b9ee48]
Event: 39.746 Thread 0x00000000175ad800 3507       3       java.nio.charset.CharsetDecoder::reset (11 bytes)
Event: 39.747 Thread 0x00000000175ad800 nmethod 3507 0x0000000002bc6650 code [0x0000000002bc67a0, 0x0000000002bc69d0]
Event: 39.747 Thread 0x00000000175ad800 3508       3       java.nio.charset.CharsetDecoder::implReset (1 bytes)
Event: 39.747 Thread 0x00000000175ad800 nmethod 3508 0x0000000002db3e10 code [0x0000000002db3f60, 0x0000000002db40b0]

GC Heap History (10 events):
Event: 1.966 GC heap before
{Heap before GC invocations=5 (full 1):
 PSYoungGen      total 71680K, used 5119K [0x00000000d5f80000, 0x00000000daa80000, 0x0000000100000000)
  eden space 66560K, 0% used [0x00000000d5f80000,0x00000000d5f80000,0x00000000da080000)
  from space 5120K, 99% used [0x00000000da580000,0x00000000daa7fc38,0x00000000daa80000)
  to   space 5120K, 0% used [0x00000000da080000,0x00000000da080000,0x00000000da580000)
 ParOldGen       total 87552K, used 5278K [0x0000000081e00000, 0x0000000087380000, 0x00000000d5f80000)
  object space 87552K, 6% used [0x0000000081e00000,0x0000000082327b70,0x0000000087380000)
 Metaspace       used 20593K, capacity 21140K, committed 21296K, reserved 1067008K
  class space    used 2670K, capacity 2823K, committed 2944K, reserved 1048576K
Event: 1.991 GC heap after
Heap after GC invocations=5 (full 1):
 PSYoungGen      total 71680K, used 0K [0x00000000d5f80000, 0x00000000daa80000, 0x0000000100000000)
  eden space 66560K, 0% used [0x00000000d5f80000,0x00000000d5f80000,0x00000000da080000)
  from space 5120K, 0% used [0x00000000da580000,0x00000000da580000,0x00000000daa80000)
  to   space 5120K, 0% used [0x00000000da080000,0x00000000da080000,0x00000000da580000)
 ParOldGen       total 55808K, used 5116K [0x0000000081e00000, 0x0000000085480000, 0x00000000d5f80000)
  object space 55808K, 9% used [0x0000000081e00000,0x00000000822ff320,0x0000000085480000)
 Metaspace       used 20592K, capacity 21134K, committed 21296K, reserved 1067008K
  class space    used 2670K, capacity 2822K, committed 2944K, reserved 1048576K
}
Event: 3.498 GC heap before
{Heap before GC invocations=6 (full 1):
 PSYoungGen      total 71680K, used 66560K [0x00000000d5f80000, 0x00000000daa80000, 0x0000000100000000)
  eden space 66560K, 100% used [0x00000000d5f80000,0x00000000da080000,0x00000000da080000)
  from space 5120K, 0% used [0x00000000da580000,0x00000000da580000,0x00000000daa80000)
  to   space 5120K, 0% used [0x00000000da080000,0x00000000da080000,0x00000000da580000)
 ParOldGen       total 55808K, used 5116K [0x0000000081e00000, 0x0000000085480000, 0x00000000d5f80000)
  object space 55808K, 9% used [0x0000000081e00000,0x00000000822ff320,0x0000000085480000)
 Metaspace       used 26605K, capacity 27482K, committed 27776K, reserved 1073152K
  class space    used 3402K, capacity 3587K, committed 3712K, reserved 1048576K
Event: 3.507 GC heap after
Heap after GC invocations=6 (full 1):
 PSYoungGen      total 71680K, used 5110K [0x00000000d5f80000, 0x00000000dd800000, 0x0000000100000000)
  eden space 66560K, 0% used [0x00000000d5f80000,0x00000000d5f80000,0x00000000da080000)
  from space 5120K, 99% used [0x00000000da080000,0x00000000da57d820,0x00000000da580000)
  to   space 9728K, 0% used [0x00000000dce80000,0x00000000dce80000,0x00000000dd800000)
 ParOldGen       total 55808K, used 7382K [0x0000000081e00000, 0x0000000085480000, 0x00000000d5f80000)
  object space 55808K, 13% used [0x0000000081e00000,0x00000000825358c0,0x0000000085480000)
 Metaspace       used 26605K, capacity 27482K, committed 27776K, reserved 1073152K
  class space    used 3402K, capacity 3587K, committed 3712K, reserved 1048576K
}
Event: 5.445 GC heap before
{Heap before GC invocations=7 (full 1):
 PSYoungGen      total 71680K, used 71670K [0x00000000d5f80000, 0x00000000dd800000, 0x0000000100000000)
  eden space 66560K, 100% used [0x00000000d5f80000,0x00000000da080000,0x00000000da080000)
  from space 5120K, 99% used [0x00000000da080000,0x00000000da57d820,0x00000000da580000)
  to   space 9728K, 0% used [0x00000000dce80000,0x00000000dce80000,0x00000000dd800000)
 ParOldGen       total 55808K, used 7382K [0x0000000081e00000, 0x0000000085480000, 0x00000000d5f80000)
  object space 55808K, 13% used [0x0000000081e00000,0x00000000825358c0,0x0000000085480000)
 Metaspace       used 33347K, capacity 34966K, committed 35072K, reserved 1079296K
  class space    used 4245K, capacity 4531K, committed 4608K, reserved 1048576K
Event: 5.459 GC heap after
Heap after GC invocations=7 (full 1):
 PSYoungGen      total 111104K, used 9708K [0x00000000d5f80000, 0x00000000dda80000, 0x0000000100000000)
  eden space 101376K, 0% used [0x00000000d5f80000,0x00000000d5f80000,0x00000000dc280000)
  from space 9728K, 99% used [0x00000000dce80000,0x00000000dd7fb010,0x00000000dd800000)
  to   space 12288K, 0% used [0x00000000dc280000,0x00000000dc280000,0x00000000dce80000)
 ParOldGen       total 55808K, used 9522K [0x0000000081e00000, 0x0000000085480000, 0x00000000d5f80000)
  object space 55808K, 17% used [0x0000000081e00000,0x000000008274ca08,0x0000000085480000)
 Metaspace       used 33347K, capacity 34966K, committed 35072K, reserved 1079296K
  class space    used 4245K, capacity 4531K, committed 4608K, reserved 1048576K
}
Event: 5.574 GC heap before
{Heap before GC invocations=8 (full 1):
 PSYoungGen      total 111104K, used 15798K [0x00000000d5f80000, 0x00000000dda80000, 0x0000000100000000)
  eden space 101376K, 6% used [0x00000000d5f80000,0x00000000d6572900,0x00000000dc280000)
  from space 9728K, 99% used [0x00000000dce80000,0x00000000dd7fb010,0x00000000dd800000)
  to   space 12288K, 0% used [0x00000000dc280000,0x00000000dc280000,0x00000000dce80000)
 ParOldGen       total 55808K, used 9522K [0x0000000081e00000, 0x0000000085480000, 0x00000000d5f80000)
  object space 55808K, 17% used [0x0000000081e00000,0x000000008274ca08,0x0000000085480000)
 Metaspace       used 33770K, capacity 35386K, committed 35496K, reserved 1081344K
  class space    used 4306K, capacity 4601K, committed 4608K, reserved 1048576K
Event: 5.590 GC heap after
Heap after GC invocations=8 (full 1):
 PSYoungGen      total 113664K, used 8292K [0x00000000d5f80000, 0x00000000e2580000, 0x0000000100000000)
  eden space 101376K, 0% used [0x00000000d5f80000,0x00000000d5f80000,0x00000000dc280000)
  from space 12288K, 67% used [0x00000000dc280000,0x00000000dca99040,0x00000000dce80000)
  to   space 11776K, 0% used [0x00000000e1a00000,0x00000000e1a00000,0x00000000e2580000)
 ParOldGen       total 55808K, used 9522K [0x0000000081e00000, 0x0000000085480000, 0x00000000d5f80000)
  object space 55808K, 17% used [0x0000000081e00000,0x000000008274ca08,0x0000000085480000)
 Metaspace       used 33770K, capacity 35386K, committed 35496K, reserved 1081344K
  class space    used 4306K, capacity 4601K, committed 4608K, reserved 1048576K
}
Event: 5.590 GC heap before
{Heap before GC invocations=9 (full 2):
 PSYoungGen      total 113664K, used 8292K [0x00000000d5f80000, 0x00000000e2580000, 0x0000000100000000)
  eden space 101376K, 0% used [0x00000000d5f80000,0x00000000d5f80000,0x00000000dc280000)
  from space 12288K, 67% used [0x00000000dc280000,0x00000000dca99040,0x00000000dce80000)
  to   space 11776K, 0% used [0x00000000e1a00000,0x00000000e1a00000,0x00000000e2580000)
 ParOldGen       total 55808K, used 9522K [0x0000000081e00000, 0x0000000085480000, 0x00000000d5f80000)
  object space 55808K, 17% used [0x0000000081e00000,0x000000008274ca08,0x0000000085480000)
 Metaspace       used 33770K, capacity 35386K, committed 35496K, reserved 1081344K
  class space    used 4306K, capacity 4601K, committed 4608K, reserved 1048576K
Event: 5.650 GC heap after
Heap after GC invocations=9 (full 2):
 PSYoungGen      total 113664K, used 0K [0x00000000d5f80000, 0x00000000e2580000, 0x0000000100000000)
  eden space 101376K, 0% used [0x00000000d5f80000,0x00000000d5f80000,0x00000000dc280000)
  from space 12288K, 0% used [0x00000000dc280000,0x00000000dc280000,0x00000000dce80000)
  to   space 11776K, 0% used [0x00000000e1a00000,0x00000000e1a00000,0x00000000e2580000)
 ParOldGen       total 75776K, used 12791K [0x0000000081e00000, 0x0000000086800000, 0x00000000d5f80000)
  object space 75776K, 16% used [0x0000000081e00000,0x0000000082a7dca0,0x0000000086800000)
 Metaspace       used 33770K, capacity 35386K, committed 35496K, reserved 1081344K
  class space    used 4306K, capacity 4601K, committed 4608K, reserved 1048576K
}

Deoptimization events (10 events):
Event: 5.725 Thread 0x0000000019aca000 Uncommon trap: reason=bimorphic action=maybe_recompile pc=0x000000000345f2f8 method=java.util.Hashtable.get(Ljava/lang/Object;)Ljava/lang/Object; @ 6
Event: 5.725 Thread 0x0000000019aca000 Uncommon trap: reason=bimorphic action=maybe_recompile pc=0x000000000345f2f8 method=java.util.Hashtable.get(Ljava/lang/Object;)Ljava/lang/Object; @ 6
Event: 9.023 Thread 0x000000001d9db800 Uncommon trap: reason=class_check action=maybe_recompile pc=0x0000000003302954 method=java.util.AbstractList$Itr.hasNext()Z @ 8
Event: 9.023 Thread 0x000000001d9db800 Uncommon trap: reason=bimorphic action=maybe_recompile pc=0x0000000003446dfc method=java.util.AbstractList$Itr.next()Ljava/lang/Object; @ 14
Event: 9.034 Thread 0x000000001d9db800 Uncommon trap: reason=class_check action=maybe_recompile pc=0x0000000003302954 method=java.util.AbstractList$Itr.hasNext()Z @ 8
Event: 9.034 Thread 0x000000001d9db800 Uncommon trap: reason=bimorphic action=maybe_recompile pc=0x0000000003446dfc method=java.util.AbstractList$Itr.next()Ljava/lang/Object; @ 14
Event: 9.035 Thread 0x000000001d9db800 Uncommon trap: reason=bimorphic action=maybe_recompile pc=0x0000000003446dfc method=java.util.AbstractList$Itr.next()Ljava/lang/Object; @ 14
Event: 9.035 Thread 0x000000001d9db800 Uncommon trap: reason=bimorphic action=maybe_recompile pc=0x0000000003446dfc method=java.util.AbstractList$Itr.next()Ljava/lang/Object; @ 14
Event: 9.061 Thread 0x000000001d9db800 Uncommon trap: reason=unstable_if action=reinterpret pc=0x00000000034a6318 method=java.util.Properties.load0(Ljava/util/Properties$LineReader;)V @ 80
Event: 9.061 Thread 0x000000001d9db800 Uncommon trap: reason=unstable_if action=reinterpret pc=0x000000000341e0f0 method=java.util.Properties.load0(Ljava/util/Properties$LineReader;)V @ 80

Internal exceptions (10 events):
Event: 5.210 Thread 0x0000000019aca000 Exception <a 'java/lang/ClassNotFoundException': org/springframework/boot/autoconfigure/web/servlet/WebMvcAutoConfiguration$EnableWebMvcConfiguration$$EnhancerBySpringCGLIB$$18f04864Customizer> (0x00000000d8ce8898) thrown at [C:\re\workspace\8-2-build-win
Event: 5.211 Thread 0x0000000019aca000 Exception <a 'java/lang/ClassNotFoundException': org/springframework/context/annotation/ConfigurationClassEnhancer$EnhancedConfigurationCustomizer> (0x00000000d8d1c8a0) thrown at [C:\re\workspace\8-2-build-windows-amd64-cygwin\jdk8u111\7883\hotspot\src\sh
Event: 5.212 Thread 0x0000000019aca000 Exception <a 'java/lang/ClassNotFoundException': org/springframework/beans/factory/BeanFactoryAwareCustomizer> (0x00000000d8d2b058) thrown at [C:\re\workspace\8-2-build-windows-amd64-cygwin\jdk8u111\7883\hotspot\src\share\vm\classfile\systemDictionary.cpp
Event: 5.212 Thread 0x0000000019aca000 Exception <a 'java/lang/ClassNotFoundException': org/springframework/beans/factory/AwareCustomizer> (0x00000000d8d39348) thrown at [C:\re\workspace\8-2-build-windows-amd64-cygwin\jdk8u111\7883\hotspot\src\share\vm\classfile\systemDictionary.cpp, line 210]
Event: 5.212 Thread 0x0000000019aca000 Exception <a 'java/lang/ClassNotFoundException': org/springframework/context/ApplicationContextAwareCustomizer> (0x00000000d8d47c50) thrown at [C:\re\workspace\8-2-build-windows-amd64-cygwin\jdk8u111\7883\hotspot\src\share\vm\classfile\systemDictionary.cp
Event: 5.213 Thread 0x0000000019aca000 Exception <a 'java/lang/ClassNotFoundException': org/springframework/beans/factory/AwareCustomizer> (0x00000000d8d55f18) thrown at [C:\re\workspace\8-2-build-windows-amd64-cygwin\jdk8u111\7883\hotspot\src\share\vm\classfile\systemDictionary.cpp, line 210]
Event: 5.213 Thread 0x0000000019aca000 Exception <a 'java/lang/ClassNotFoundException': org/springframework/web/context/ServletContextAwareCustomizer> (0x00000000d8d647a0) thrown at [C:\re\workspace\8-2-build-windows-amd64-cygwin\jdk8u111\7883\hotspot\src\share\vm\classfile\systemDictionary.cp
Event: 5.213 Thread 0x0000000019aca000 Exception <a 'java/lang/ClassNotFoundException': org/springframework/beans/factory/AwareCustomizer> (0x00000000d8d724d8) thrown at [C:\re\workspace\8-2-build-windows-amd64-cygwin\jdk8u111\7883\hotspot\src\share\vm\classfile\systemDictionary.cpp, line 210]
Event: 5.213 Thread 0x0000000019aca000 Implicit null exception at 0x000000000330244c to 0x00000000033025c1
Event: 9.023 Thread 0x000000001d9db800 Exception <a 'java/lang/NoSuchMethodError': java.lang.Object.lambda$thenComparing$36697e65$1(Ljava/util/Comparator;Ljava/lang/Object;Ljava/lang/Object;)I> (0x00000000d7157f38) thrown at [C:\re\workspace\8-2-build-windows-amd64-cygwin\jdk8u111\7883\hotspot

Events (10 events):
Event: 39.754 Executing VM operation: RevokeBias
Event: 39.754 Executing VM operation: RevokeBias done
Event: 39.754 Executing VM operation: RevokeBias
Event: 39.754 Executing VM operation: RevokeBias done
Event: 39.755 Executing VM operation: RevokeBias
Event: 39.755 Executing VM operation: RevokeBias done
Event: 39.755 loading class com/nitgen/SDK/BSP/NBioBSPJNI$INPUT_FIR
Event: 39.755 loading class com/nitgen/SDK/BSP/NBioBSPJNI$INPUT_FIR done
Event: 39.756 loading class com/nitgen/SDK/BSP/NBioBSPJNI$FIR_PAYLOAD
Event: 39.756 loading class com/nitgen/SDK/BSP/NBioBSPJNI$FIR_PAYLOAD done


Dynamic libraries:
0x00007ff75a710000 - 0x00007ff75a747000 	C:\Program Files\Java\jdk1.8.0_111\bin\javaw.exe
0x00007ff8e5e60000 - 0x00007ff8e6041000 	C:\WINDOWS\SYSTEM32\ntdll.dll
0x00007ff8e4f40000 - 0x00007ff8e4ff1000 	C:\WINDOWS\System32\KERNEL32.DLL
0x00007ff8e2280000 - 0x00007ff8e24f3000 	C:\WINDOWS\System32\KERNELBASE.dll
0x00007ff8e5330000 - 0x00007ff8e53d1000 	C:\WINDOWS\System32\ADVAPI32.dll
0x00007ff8e5930000 - 0x00007ff8e59ce000 	C:\WINDOWS\System32\msvcrt.dll
0x00007ff8e3630000 - 0x00007ff8e368b000 	C:\WINDOWS\System32\sechost.dll
0x00007ff8e38d0000 - 0x00007ff8e39f4000 	C:\WINDOWS\System32\RPCRT4.dll
0x00007ff8e5ca0000 - 0x00007ff8e5e30000 	C:\WINDOWS\System32\USER32.dll
0x00007ff8e2730000 - 0x00007ff8e2750000 	C:\WINDOWS\System32\win32u.dll
0x00007ff8e4f10000 - 0x00007ff8e4f38000 	C:\WINDOWS\System32\GDI32.dll
0x00007ff8e2750000 - 0x00007ff8e28e2000 	C:\WINDOWS\System32\gdi32full.dll
0x00007ff8e3000000 - 0x00007ff8e309f000 	C:\WINDOWS\System32\msvcp_win.dll
0x00007ff8e25b0000 - 0x00007ff8e26a8000 	C:\WINDOWS\System32\ucrtbase.dll
0x00007ff8d2950000 - 0x00007ff8d2bb9000 	C:\WINDOWS\WinSxS\amd64_microsoft.windows.common-controls_6595b64144ccf1df_6.0.17134.753_none_fb40a13930672597\COMCTL32.dll
0x00007ff8e32f0000 - 0x00007ff8e3612000 	C:\WINDOWS\System32\combase.dll
0x00007ff8e26b0000 - 0x00007ff8e272a000 	C:\WINDOWS\System32\bcryptPrimitives.dll
0x00007ff8e5010000 - 0x00007ff8e503d000 	C:\WINDOWS\System32\IMM32.DLL
0x000000006d970000 - 0x000000006da42000 	C:\Program Files\Java\jdk1.8.0_111\jre\bin\msvcr100.dll
0x000000006db50000 - 0x000000006e3ea000 	C:\Program Files\Java\jdk1.8.0_111\jre\bin\server\jvm.dll
0x00007ff8e5000000 - 0x00007ff8e5008000 	C:\WINDOWS\System32\PSAPI.DLL
0x00007ff8dfd50000 - 0x00007ff8dfd73000 	C:\WINDOWS\SYSTEM32\WINMM.dll
0x00007ff8d51c0000 - 0x00007ff8d51ca000 	C:\WINDOWS\SYSTEM32\VERSION.dll
0x00007ff8cc8c0000 - 0x00007ff8cc8c9000 	C:\WINDOWS\SYSTEM32\WSOCK32.dll
0x00007ff8e5c30000 - 0x00007ff8e5c9c000 	C:\WINDOWS\System32\WS2_32.dll
0x00007ff8dfd20000 - 0x00007ff8dfd4a000 	C:\WINDOWS\SYSTEM32\winmmbase.dll
0x00007ff8e2230000 - 0x00007ff8e2279000 	C:\WINDOWS\System32\cfgmgr32.dll
0x000000006db40000 - 0x000000006db4f000 	C:\Program Files\Java\jdk1.8.0_111\jre\bin\verify.dll
0x000000006db10000 - 0x000000006db39000 	C:\Program Files\Java\jdk1.8.0_111\jre\bin\java.dll
0x000000006daf0000 - 0x000000006db06000 	C:\Program Files\Java\jdk1.8.0_111\jre\bin\zip.dll
0x00007ff8e3a00000 - 0x00007ff8e4e40000 	C:\WINDOWS\System32\SHELL32.dll
0x00007ff8e3820000 - 0x00007ff8e38c9000 	C:\WINDOWS\System32\shcore.dll
0x00007ff8e28f0000 - 0x00007ff8e2ffd000 	C:\WINDOWS\System32\windows.storage.dll
0x00007ff8e5a30000 - 0x00007ff8e5a81000 	C:\WINDOWS\System32\shlwapi.dll
0x00007ff8e21c0000 - 0x00007ff8e21d1000 	C:\WINDOWS\System32\kernel.appcore.dll
0x00007ff8e2210000 - 0x00007ff8e222f000 	C:\WINDOWS\System32\profapi.dll
0x00007ff8e2170000 - 0x00007ff8e21bc000 	C:\WINDOWS\System32\powrprof.dll
0x00007ff8e21e0000 - 0x00007ff8e21ea000 	C:\WINDOWS\System32\FLTLIB.DLL
0x000000006d960000 - 0x000000006d96d000 	C:\Program Files\Java\jdk1.8.0_111\jre\bin\management.dll
0x000000006dad0000 - 0x000000006daea000 	C:\Program Files\Java\jdk1.8.0_111\jre\bin\net.dll
0x00007ff8e1990000 - 0x00007ff8e19f6000 	C:\WINDOWS\system32\mswsock.dll
0x00007ff8cba60000 - 0x00007ff8cba76000 	C:\WINDOWS\system32\napinsp.dll
0x00007ff8cba40000 - 0x00007ff8cba5a000 	C:\WINDOWS\system32\pnrpnsp.dll
0x00007ff8de9e0000 - 0x00007ff8de9f9000 	C:\WINDOWS\system32\NLAapi.dll
0x00007ff8e1750000 - 0x00007ff8e180e000 	C:\WINDOWS\SYSTEM32\DNSAPI.dll
0x00007ff8e3620000 - 0x00007ff8e3628000 	C:\WINDOWS\System32\NSI.dll
0x00007ff8e1710000 - 0x00007ff8e1748000 	C:\WINDOWS\SYSTEM32\IPHLPAPI.DLL
0x00007ff8cba30000 - 0x00007ff8cba3e000 	C:\WINDOWS\System32\winrnr.dll
0x00007ff8dbf50000 - 0x00007ff8dbf5a000 	C:\Windows\System32\rasadhlp.dll
0x00007ff8dc7b0000 - 0x00007ff8dc822000 	C:\WINDOWS\System32\fwpuclnt.dll
0x00007ff8e1c70000 - 0x00007ff8e1c95000 	C:\WINDOWS\SYSTEM32\bcrypt.dll
0x000000006dab0000 - 0x000000006dac1000 	C:\Program Files\Java\jdk1.8.0_111\jre\bin\nio.dll
0x00007ff8e1b40000 - 0x00007ff8e1b57000 	C:\WINDOWS\SYSTEM32\CRYPTSP.dll
0x00007ff8e1570000 - 0x00007ff8e15a3000 	C:\WINDOWS\system32\rsaenh.dll
0x00007ff8e2070000 - 0x00007ff8e2098000 	C:\WINDOWS\SYSTEM32\USERENV.dll
0x00007ff8e1b60000 - 0x00007ff8e1b6b000 	C:\WINDOWS\SYSTEM32\CRYPTBASE.dll
0x00007ff8dd2e0000 - 0x00007ff8dd2f6000 	C:\WINDOWS\SYSTEM32\dhcpcsvc6.DLL
0x00007ff8dd2b0000 - 0x00007ff8dd2ca000 	C:\WINDOWS\SYSTEM32\dhcpcsvc.DLL
0x00007ff8d6280000 - 0x00007ff8d62b9000 	C:\Windows\System32\NBioBSPJNI.dll
0x00007ff88b390000 - 0x00007ff88b928000 	C:\WINDOWS\SYSTEM32\NBioBSP.dll
0x00007ff8e5240000 - 0x00007ff8e532d000 	C:\WINDOWS\System32\COMDLG32.dll
0x00007ff8e50e0000 - 0x00007ff8e5231000 	C:\WINDOWS\System32\ole32.dll
0x00007ff8c8920000 - 0x00007ff8c8927000 	C:\WINDOWS\SYSTEM32\MSIMG32.dll
0x00007ff8e4e40000 - 0x00007ff8e4f02000 	C:\WINDOWS\System32\OLEAUT32.dll
0x00007ff8dd610000 - 0x00007ff8dd695000 	C:\WINDOWS\SYSTEM32\WINSPOOL.DRV
0x00007ff8de3b0000 - 0x00007ff8de564000 	C:\WINDOWS\SYSTEM32\PROPSYS.dll
0x00007ff8cd500000 - 0x00007ff8cd69b000 	C:\WINDOWS\WinSxS\amd64_microsoft.windows.gdiplus_6595b64144ccf1df_1.1.17134.753_none_2c2b941e8af99f65\gdiplus.dll
0x00007ff8c1bc0000 - 0x00007ff8c1c2b000 	C:\WINDOWS\SYSTEM32\OLEACC.dll
0x00007ff8e0830000 - 0x00007ff8e08c8000 	C:\WINDOWS\system32\UxTheme.dll
0x00007ff8e0910000 - 0x00007ff8e0939000 	C:\WINDOWS\system32\dwmapi.dll
0x00007ff8a5e00000 - 0x00007ff8a5fc9000 	C:\WINDOWS\SYSTEM32\dbghelp.dll

VM Arguments:
jvm_args: -Dfile.encoding=UTF-8 
java_command: com.fingertech.api.FingertechAPI.FingertechApiApplication
java_class_path (initial): C:\Users\pedro\Documents\projeto Web Restfull\FingertechAPI\FingertechAPI\target\classes;C:\Users\pedro\Documents\projeto Web Restfull\eNBioBSP_SDK_JAVA_v1.0.0.15\eNBioBSP_SDK_JAVA_v1.0.0.15\Lib\NBioBSPJNI.jar;C:\Users\pedro\.m2\repository\org\springframework\boot\spring-boot-starter-web\2.1.5.RELEASE\spring-boot-starter-web-2.1.5.RELEASE.jar;C:\Users\pedro\.m2\repository\org\springframework\boot\spring-boot-starter\2.1.5.RELEASE\spring-boot-starter-2.1.5.RELEASE.jar;C:\Users\pedro\.m2\repository\org\springframework\boot\spring-boot-starter-logging\2.1.5.RELEASE\spring-boot-starter-logging-2.1.5.RELEASE.jar;C:\Users\pedro\.m2\repository\ch\qos\logback\logback-classic\1.2.3\logback-classic-1.2.3.jar;C:\Users\pedro\.m2\repository\ch\qos\logback\logback-core\1.2.3\logback-core-1.2.3.jar;C:\Users\pedro\.m2\repository\org\apache\logging\log4j\log4j-to-slf4j\2.11.2\log4j-to-slf4j-2.11.2.jar;C:\Users\pedro\.m2\repository\org\apache\logging\log4j\log4j-api\2.11.2\log4j-api-2.11.2.jar;C:\Users\pedro\.m2\repository\org\slf4j\jul-to-slf4j\1.7.26\jul-to-slf4j-1.7.26.jar;C:\Users\pedro\.m2\repository\javax\annotation\javax.annotation-api\1.3.2\javax.annotation-api-1.3.2.jar;C:\Users\pedro\.m2\repository\org\yaml\snakeyaml\1.23\snakeyaml-1.23.jar;C:\Users\pedro\.m2\repository\org\springframework\boot\spring-boot-starter-json\2.1.5.RELEASE\spring-boot-starter-json-2.1.5.RELEASE.jar;C:\Users\pedro\.m2\repository\com\fasterxml\jackson\core\jackson-databind\2.9.8\jackson-databind-2.9.8.jar;C:\Users\pedro\.m2\repository\com\fasterxml\jackson\core\jackson-annotations\2.9.0\jackson-annotations-2.9.0.jar;C:\Users\pedro\.m2\repository\com\fasterxml\jackson\core\jackson-core\2.9.8\jackson-core-2.9.8.jar;C:\Users\pedro\.m2\repository\com\fasterxml\jackson\datatype\jackson-datatype-jdk8\2.9.8\jackson-datatype-jdk8-2.9.8.jar;C:\Users\pedro\.m2\repository\com\fasterxml\jackson\datatype\jackson-datatype-jsr310\2.9.8\jackson-datatype-jsr310-2.9.8.jar;C:\Users\pedro\.
Launcher Type: SUN_STANDARD

Environment Variables:
JAVA_HOME=C:\Program Files (x86)\Java\jdk1.8.0_144
PATH=C:/Program Files/Java/jdk1.8.0_111/jre/bin/server;C:/Program Files/Java/jdk1.8.0_111/jre/bin;C:/Program Files/Java/jdk1.8.0_111/jre/lib/amd64;C:\ProgramData\Oracle\Java\javapath;C:\Program Files (x86)\Common Files\Intel\Shared Files\cpp\bin\Intel64;C:\Program Files (x86)\Embarcadero\RAD Studio\11.0\bin;C:\Users\Public\Documents\RAD Studio\11.0\Bpl;C:\Program Files (x86)\Embarcadero\RAD Studio\11.0\bin64;C:\Users\Public\Documents\RAD Studio\11.0\Bpl\Win64;C:\Program Files (x86)\Embarcadero\RAD Studio\9.0\bin;C:\Users\Public\Documents\RAD Studio\9.0\Bpl;C:\Program Files (x86)\Embarcadero\RAD Studio\9.0\bin64;C:\Users\Public\Documents\RAD Studio\9.0\Bpl\Win64;C:\WINDOWS\system32;C:\WINDOWS;C:\WINDOWS\System32\Wbem;C:\WINDOWS\System32\WindowsPowerShell\v1.0\;C:\Program Files (x86)\Windows Kits\8.1\Windows Performance Toolkit\;C:\Program Files\Git\cmd;C:\PHP;C:\Program Files\TortoiseSVN\bin;C:\Program Files (x86)\StepOver\driver\;C:\Program Files (x86)\Microsoft SQL Server\Client SDK\ODBC\110\Tools\Binn\;C:\Program Files (x86)\Microsoft SQL Server\120\Tools\Binn\;C:\Program Files (x86)\Microsoft SQL Server\120\DTS\Binn\;C:\WINDOWS\System32\OpenSSH\;C:\Users\pedro\AppData\Local\Microsoft\WindowsApps;C:\Users\pedro\AppData\Local\GitHubDesktop\bin;C:\Users\pedro\AppData\Local\Microsoft\WindowsApps;C:\Program Files (x86)\Java\jdk1.8.0_144\bin;;C:\Users\pedro\Desktop;
USERNAME=pedro
OS=Windows_NT
PROCESSOR_IDENTIFIER=Intel64 Family 6 Model 60 Stepping 3, GenuineIntel



---------------  S Y S T E M  ---------------

OS: Windows 10.0 , 64 bit Build 17134 (10.0.17134.753)

CPU:total 4 (2 cores per cpu, 2 threads per core) family 6 model 60 stepping 3, cmov, cx8, fxsr, mmx, sse, sse2, sse3, ssse3, sse4.1, sse4.2, popcnt, avx, avx2, aes, clmul, erms, lzcnt, ht, tsc, tscinvbit, bmi1, bmi2

Memory: 4k page, physical 8263700k(1864228k free), swap 14555156k(1478560k free)

vm_info: Java HotSpot(TM) 64-Bit Server VM (25.111-b14) for windows-amd64 JRE (1.8.0_111-b14), built on Sep 22 2016 19:24:05 by "java_re" with MS VC++ 10.0 (VS2010)

time: Fri Jun 14 11:55:48 2019
elapsed time: 39 seconds (0d 0h 0m 39s)

