#
# A fatal error has been detected by the Java Runtime Environment:
#
#  EXCEPTION_ACCESS_VIOLATION (0xc0000005) at pc=0x00007ff88b53a2d5, pid=4204, tid=0x00000000000015cc
#
# JRE version: Java(TM) SE Runtime Environment (8.0_111-b14) (build 1.8.0_111-b14)
# Java VM: Java HotSpot(TM) 64-Bit Server VM (25.111-b14 mixed mode windows-amd64 compressed oops)
# Problematic frame:
# C  [NBioBSP.dll+0x1aa2d5]
#
# Failed to write core dump. Minidumps are not enabled by default on client versions of Windows
#
# If you would like to submit a bug report, please visit:
#   http://bugreport.java.com/bugreport/crash.jsp
# The crash happened outside the Java Virtual Machine in native code.
# See problematic frame for where to report the bug.
#

---------------  T H R E A D  ---------------

Current thread (0x000000001d8ae000):  JavaThread "http-nio-8080-exec-1" daemon [_thread_in_native, id=5580, stack(0x0000000020560000,0x0000000020660000)]

siginfo: ExceptionCode=0xc0000005, reading address 0x00000000781815f8

Registers:
RAX=0x000000014000a040, RBX=0x000000002065c8d8, RCX=0x000000019dd81610, RDX=0xfffffffeda3fffe8
RSP=0x000000002065bcd8, RBP=0x0000000000000011, RSI=0x000000001a40a150, RDI=0x000000001a40b8b0
R8 =0x000000005dd775d4, R9 =0x0000000000000000, R10=0x0000000000000000, R11=0x000000014000a040
R12=0x000000002065bd90, R13=0x000000002065c898, R14=0x0000000000000000, R15=0x0000000000000000
RIP=0x00007ff88b53a2d5, EFLAGS=0x0000000000010202

Top of Stack: (sp=0x000000002065bcd8)
0x000000002065bcd8:   00007ff88b3c7d0a 000000002065c8d8
0x000000002065bce8:   000000001a40a150 000000001a40a150
0x000000002065bcf8:   0000000000000012 000000002065bd60
0x000000002065bd08:   0000000000000000 000000002065ca88
0x000000002065bd18:   00007ff88b3c8d8c fffffffffffffffe
0x000000002065bd28:   00007ff88b57dfe8 0000000000000000
0x000000002065bd38:   000000001a40a010 000000002065c8b8
0x000000002065bd48:   0000000000000400 000000002065c890
0x000000002065bd58:   00007ff88b3cb249 000000000000000c
0x000000002065bd68:   000000001a40b0c8 000000001a40a010
0x000000002065bd78:   0000000000000000 000000002065c0b0
0x000000002065bd88:   0000000002d808da 000000001a40b8b0
0x000000002065bd98:   00000000d70cd110 0000000081ed37d0
0x000000002065bda8:   0000000000000000 0000000000000000
0x000000002065bdb8:   0000000000000000 0000000000000000
0x000000002065bdc8:   000000002065c890 0000000000000000 

Instructions: (pc=0x00007ff88b53a2d5)
0x00007ff88b53a2b5:   c8 88 01 f6 c1 02 74 0f 48 83 e9 02 66 8b 04 0a
0x00007ff88b53a2c5:   49 83 e8 02 66 89 01 f6 c1 04 74 0d 48 83 e9 04
0x00007ff88b53a2d5:   8b 04 0a 49 83 e8 04 89 01 4d 8b c8 49 c1 e9 05
0x00007ff88b53a2e5:   75 50 4d 8b c8 49 c1 e9 03 74 14 48 83 e9 08 48 


Register to memory mapping:

RAX=0x000000014000a040 is an unknown value
RBX=0x000000002065c8d8 is pointing into the stack for thread: 0x000000001d8ae000
RCX=0x000000019dd81610 is an unknown value
RDX=0xfffffffeda3fffe8 is an unknown value
RSP=0x000000002065bcd8 is pointing into the stack for thread: 0x000000001d8ae000
RBP=0x0000000000000011 is an unknown value
RSI=0x000000001a40a150 is an unknown value
RDI=0x000000001a40b8b0 is an unknown value
R8 =0x000000005dd775d4 is an unknown value
R9 =0x0000000000000000 is an unknown value
R10=0x0000000000000000 is an unknown value
R11=0x000000014000a040 is an unknown value
R12=0x000000002065bd90 is pointing into the stack for thread: 0x000000001d8ae000
R13=0x000000002065c898 is pointing into the stack for thread: 0x000000001d8ae000
R14=0x0000000000000000 is an unknown value
R15=0x0000000000000000 is an unknown value


Stack: [0x0000000020560000,0x0000000020660000],  sp=0x000000002065bcd8,  free space=1007k
Native frames: (J=compiled Java code, j=interpreted, Vv=VM code, C=native code)
C  [NBioBSP.dll+0x1aa2d5]

Java frames: (J=compiled Java code, j=interpreted, Vv=VM code)
j  com.nitgen.SDK.BSP.NBioBSPJNI.NBioAPI_NativeVerifyMatchEx(JLcom/nitgen/SDK/BSP/NBioBSPJNI$INPUT_FIR;Lcom/nitgen/SDK/BSP/NBioBSPJNI$INPUT_FIR;Ljava/lang/Boolean;Lcom/nitgen/SDK/BSP/NBioBSPJNI$FIR_PAYLOAD;Lcom/nitgen/SDK/BSP/NBioBSPJNI$MATCH_OPTION;)I+0
j  com.nitgen.SDK.BSP.NBioBSPJNI.VerifyMatch(Lcom/nitgen/SDK/BSP/NBioBSPJNI$INPUT_FIR;Lcom/nitgen/SDK/BSP/NBioBSPJNI$INPUT_FIR;Ljava/lang/Boolean;Lcom/nitgen/SDK/BSP/NBioBSPJNI$FIR_PAYLOAD;Lcom/nitgen/SDK/BSP/NBioBSPJNI$MATCH_OPTION;)I+23
j  com.nitgen.SDK.BSP.NBioBSPJNI.VerifyMatch(Lcom/nitgen/SDK/BSP/NBioBSPJNI$INPUT_FIR;Lcom/nitgen/SDK/BSP/NBioBSPJNI$INPUT_FIR;Ljava/lang/Boolean;Lcom/nitgen/SDK/BSP/NBioBSPJNI$FIR_PAYLOAD;)I+7
j  Utils.UtilsNitgen.check1to1(Ljava/lang/String;Ljava/lang/String;)Z+135
j  com.fingertech.api.FingertechAPI.Controller.checkFingerprint.checkFingerByReceiver(Ljava/lang/String;)Ljava/lang/String;+9
v  ~StubRoutines::call_stub
J 2308  sun.reflect.NativeMethodAccessorImpl.invoke0(Ljava/lang/reflect/Method;Ljava/lang/Object;[Ljava/lang/Object;)Ljava/lang/Object; (0 bytes) @ 0x000000000353df7f [0x000000000353df00+0x7f]
J 1547 C1 sun.reflect.NativeMethodAccessorImpl.invoke(Ljava/lang/Object;[Ljava/lang/Object;)Ljava/lang/Object; (104 bytes) @ 0x00000000032639e4 [0x0000000003262840+0x11a4]
J 1921 C2 java.lang.reflect.Method.invoke(Ljava/lang/Object;[Ljava/lang/Object;)Ljava/lang/Object; (62 bytes) @ 0x000000000340f73c [0x000000000340f6a0+0x9c]
j  org.springframework.web.method.support.InvocableHandlerMethod.doInvoke([Ljava/lang/Object;)Ljava/lang/Object;+16
j  org.springframework.web.method.support.InvocableHandlerMethod.invokeForRequest(Lorg/springframework/web/context/request/NativeWebRequest;Lorg/springframework/web/method/support/ModelAndViewContainer;[Ljava/lang/Object;)Ljava/lang/Object;+56
j  org.springframework.web.servlet.mvc.method.annotation.ServletInvocableHandlerMethod.invokeAndHandle(Lorg/springframework/web/context/request/ServletWebRequest;Lorg/springframework/web/method/support/ModelAndViewContainer;[Ljava/lang/Object;)V+4
j  org.springframework.web.servlet.mvc.method.annotation.RequestMappingHandlerAdapter.invokeHandlerMethod(Ljavax/servlet/http/HttpServletRequest;Ljavax/servlet/http/HttpServletResponse;Lorg/springframework/web/method/HandlerMethod;)Lorg/springframework/web/servlet/ModelAndView;+244
j  org.springframework.web.servlet.mvc.method.annotation.RequestMappingHandlerAdapter.handleInternal(Ljavax/servlet/http/HttpServletRequest;Ljavax/servlet/http/HttpServletResponse;Lorg/springframework/web/method/HandlerMethod;)Lorg/springframework/web/servlet/ModelAndView;+81
j  org.springframework.web.servlet.mvc.method.AbstractHandlerMethodAdapter.handle(Ljavax/servlet/http/HttpServletRequest;Ljavax/servlet/http/HttpServletResponse;Ljava/lang/Object;)Lorg/springframework/web/servlet/ModelAndView;+7
j  org.springframework.web.servlet.DispatcherServlet.doDispatch(Ljavax/servlet/http/HttpServletRequest;Ljavax/servlet/http/HttpServletResponse;)V+257
j  org.springframework.web.servlet.DispatcherServlet.doService(Ljavax/servlet/http/HttpServletRequest;Ljavax/servlet/http/HttpServletResponse;)V+212
j  org.springframework.web.servlet.FrameworkServlet.processRequest(Ljavax/servlet/http/HttpServletRequest;Ljavax/servlet/http/HttpServletResponse;)V+71
j  org.springframework.web.servlet.FrameworkServlet.doGet(Ljavax/servlet/http/HttpServletRequest;Ljavax/servlet/http/HttpServletResponse;)V+3
j  javax.servlet.http.HttpServlet.service(Ljavax/servlet/http/HttpServletRequest;Ljavax/servlet/http/HttpServletResponse;)V+35
j  org.springframework.web.servlet.FrameworkServlet.service(Ljavax/servlet/http/HttpServletRequest;Ljavax/servlet/http/HttpServletResponse;)V+33
j  javax.servlet.http.HttpServlet.service(Ljavax/servlet/ServletRequest;Ljavax/servlet/ServletResponse;)V+36
j  org.apache.catalina.core.ApplicationFilterChain.internalDoFilter(Ljavax/servlet/ServletRequest;Ljavax/servlet/ServletResponse;)V+304
j  org.apache.catalina.core.ApplicationFilterChain.doFilter(Ljavax/servlet/ServletRequest;Ljavax/servlet/ServletResponse;)V+101
j  org.apache.tomcat.websocket.server.WsFilter.doFilter(Ljavax/servlet/ServletRequest;Ljavax/servlet/ServletResponse;Ljavax/servlet/FilterChain;)V+21
j  org.apache.catalina.core.ApplicationFilterChain.internalDoFilter(Ljavax/servlet/ServletRequest;Ljavax/servlet/ServletResponse;)V+135
j  org.apache.catalina.core.ApplicationFilterChain.doFilter(Ljavax/servlet/ServletRequest;Ljavax/servlet/ServletResponse;)V+101
j  org.springframework.web.filter.RequestContextFilter.doFilterInternal(Ljavax/servlet/http/HttpServletRequest;Ljavax/servlet/http/HttpServletResponse;Ljavax/servlet/FilterChain;)V+21
j  org.springframework.web.filter.OncePerRequestFilter.doFilter(Ljavax/servlet/ServletRequest;Ljavax/servlet/ServletResponse;Ljavax/servlet/FilterChain;)V+111
j  org.apache.catalina.core.ApplicationFilterChain.internalDoFilter(Ljavax/servlet/ServletRequest;Ljavax/servlet/ServletResponse;)V+135
j  org.apache.catalina.core.ApplicationFilterChain.doFilter(Ljavax/servlet/ServletRequest;Ljavax/servlet/ServletResponse;)V+101
j  org.springframework.web.filter.FormContentFilter.doFilterInternal(Ljavax/servlet/http/HttpServletRequest;Ljavax/servlet/http/HttpServletResponse;Ljavax/servlet/FilterChain;)V+38
j  org.springframework.web.filter.OncePerRequestFilter.doFilter(Ljavax/servlet/ServletRequest;Ljavax/servlet/ServletResponse;Ljavax/servlet/FilterChain;)V+111
j  org.apache.catalina.core.ApplicationFilterChain.internalDoFilter(Ljavax/servlet/ServletRequest;Ljavax/servlet/ServletResponse;)V+135
j  org.apache.catalina.core.ApplicationFilterChain.doFilter(Ljavax/servlet/ServletRequest;Ljavax/servlet/ServletResponse;)V+101
j  org.springframework.web.filter.HiddenHttpMethodFilter.doFilterInternal(Ljavax/servlet/http/HttpServletRequest;Ljavax/servlet/http/HttpServletResponse;Ljavax/servlet/FilterChain;)V+87
j  org.springframework.web.filter.OncePerRequestFilter.doFilter(Ljavax/servlet/ServletRequest;Ljavax/servlet/ServletResponse;Ljavax/servlet/FilterChain;)V+111
j  org.apache.catalina.core.ApplicationFilterChain.internalDoFilter(Ljavax/servlet/ServletRequest;Ljavax/servlet/ServletResponse;)V+135
j  org.apache.catalina.core.ApplicationFilterChain.doFilter(Ljavax/servlet/ServletRequest;Ljavax/servlet/ServletResponse;)V+101
j  org.springframework.web.filter.CharacterEncodingFilter.doFilterInternal(Ljavax/servlet/http/HttpServletRequest;Ljavax/servlet/http/HttpServletResponse;Ljavax/servlet/FilterChain;)V+53
j  org.springframework.web.filter.OncePerRequestFilter.doFilter(Ljavax/servlet/ServletRequest;Ljavax/servlet/ServletResponse;Ljavax/servlet/FilterChain;)V+111
j  org.apache.catalina.core.ApplicationFilterChain.internalDoFilter(Ljavax/servlet/ServletRequest;Ljavax/servlet/ServletResponse;)V+135
j  org.apache.catalina.core.ApplicationFilterChain.doFilter(Ljavax/servlet/ServletRequest;Ljavax/servlet/ServletResponse;)V+101
j  org.apache.catalina.core.StandardWrapperValve.invoke(Lorg/apache/catalina/connector/Request;Lorg/apache/catalina/connector/Response;)V+688
j  org.apache.catalina.core.StandardContextValve.invoke(Lorg/apache/catalina/connector/Request;Lorg/apache/catalina/connector/Response;)V+166
j  org.apache.catalina.authenticator.AuthenticatorBase.invoke(Lorg/apache/catalina/connector/Request;Lorg/apache/catalina/connector/Response;)V+260
j  org.apache.catalina.core.StandardHostValve.invoke(Lorg/apache/catalina/connector/Request;Lorg/apache/catalina/connector/Response;)V+114
j  org.apache.catalina.valves.ErrorReportValve.invoke(Lorg/apache/catalina/connector/Request;Lorg/apache/catalina/connector/Response;)V+6
j  org.apache.catalina.core.StandardEngineValve.invoke(Lorg/apache/catalina/connector/Request;Lorg/apache/catalina/connector/Response;)V+45
j  org.apache.catalina.connector.CoyoteAdapter.service(Lorg/apache/coyote/Request;Lorg/apache/coyote/Response;)V+199
j  org.apache.coyote.http11.Http11Processor.service(Lorg/apache/tomcat/util/net/SocketWrapperBase;)Lorg/apache/tomcat/util/net/AbstractEndpoint$Handler$SocketState;+791
j  org.apache.coyote.AbstractProcessorLight.process(Lorg/apache/tomcat/util/net/SocketWrapperBase;Lorg/apache/tomcat/util/net/SocketEvent;)Lorg/apache/tomcat/util/net/AbstractEndpoint$Handler$SocketState;+113
j  org.apache.coyote.AbstractProtocol$ConnectionHandler.process(Lorg/apache/tomcat/util/net/SocketWrapperBase;Lorg/apache/tomcat/util/net/SocketEvent;)Lorg/apache/tomcat/util/net/AbstractEndpoint$Handler$SocketState;+422
j  org.apache.tomcat.util.net.NioEndpoint$SocketProcessor.doRun()V+191
j  org.apache.tomcat.util.net.SocketProcessorBase.run()V+21
j  java.util.concurrent.ThreadPoolExecutor.runWorker(Ljava/util/concurrent/ThreadPoolExecutor$Worker;)V+95
j  java.util.concurrent.ThreadPoolExecutor$Worker.run()V+5
j  org.apache.tomcat.util.threads.TaskThread$WrappingRunnable.run()V+4
j  java.lang.Thread.run()V+11
v  ~StubRoutines::call_stub

---------------  P R O C E S S  ---------------

Java Threads: ( => current thread )
  0x000000001d897000 JavaThread "DestroyJavaVM" [_thread_blocked, id=8112, stack(0x0000000002b80000,0x0000000002c80000)]
  0x000000001d89c000 JavaThread "http-nio-8080-Acceptor-0" daemon [_thread_in_native, id=10568, stack(0x0000000021160000,0x0000000021260000)]
  0x000000001d89b800 JavaThread "http-nio-8080-ClientPoller-1" daemon [_thread_in_native, id=7004, stack(0x0000000021060000,0x0000000021160000)]
  0x000000001b399800 JavaThread "http-nio-8080-ClientPoller-0" daemon [_thread_in_native, id=8424, stack(0x0000000020f60000,0x0000000021060000)]
  0x000000001b396800 JavaThread "http-nio-8080-exec-10" daemon [_thread_blocked, id=7724, stack(0x0000000020e60000,0x0000000020f60000)]
  0x000000001b395800 JavaThread "http-nio-8080-exec-9" daemon [_thread_blocked, id=12212, stack(0x0000000020d60000,0x0000000020e60000)]
  0x000000001b397000 JavaThread "http-nio-8080-exec-8" daemon [_thread_blocked, id=7868, stack(0x0000000020c60000,0x0000000020d60000)]
  0x000000001b392800 JavaThread "http-nio-8080-exec-7" daemon [_thread_blocked, id=10896, stack(0x0000000020b60000,0x0000000020c60000)]
  0x000000001b398800 JavaThread "http-nio-8080-exec-6" daemon [_thread_blocked, id=8508, stack(0x0000000020a60000,0x0000000020b60000)]
  0x000000001b394000 JavaThread "http-nio-8080-exec-5" daemon [_thread_blocked, id=5736, stack(0x0000000020960000,0x0000000020a60000)]
  0x000000001b395000 JavaThread "http-nio-8080-exec-4" daemon [_thread_blocked, id=5848, stack(0x0000000020860000,0x0000000020960000)]
  0x000000001b398000 JavaThread "http-nio-8080-exec-3" daemon [_thread_blocked, id=11676, stack(0x0000000020760000,0x0000000020860000)]
  0x000000001b393800 JavaThread "http-nio-8080-exec-2" daemon [_thread_blocked, id=4476, stack(0x0000000020660000,0x0000000020760000)]
=>0x000000001d8ae000 JavaThread "http-nio-8080-exec-1" daemon [_thread_in_native, id=5580, stack(0x0000000020560000,0x0000000020660000)]
  0x000000001c7f7800 JavaThread "NioBlockingSelector.BlockPoller-1" daemon [_thread_in_native, id=11528, stack(0x0000000020460000,0x0000000020560000)]
  0x000000001b27e800 JavaThread "Live Reload Server" daemon [_thread_in_native, id=11492, stack(0x0000000020360000,0x0000000020460000)]
  0x000000001b3da800 JavaThread "File Watcher" daemon [_thread_blocked, id=11348, stack(0x000000001f160000,0x000000001f260000)]
  0x000000001c6f5000 JavaThread "container-0" [_thread_blocked, id=12004, stack(0x000000001ef60000,0x000000001f060000)]
  0x000000001c4a1800 JavaThread "Catalina-utility-2" [_thread_blocked, id=9344, stack(0x000000001ee60000,0x000000001ef60000)]
  0x000000001b2d8800 JavaThread "Catalina-utility-1" [_thread_blocked, id=6664, stack(0x000000001ed60000,0x000000001ee60000)]
  0x0000000019243000 JavaThread "Service Thread" daemon [_thread_blocked, id=8620, stack(0x0000000019610000,0x0000000019710000)]
  0x00000000178ae800 JavaThread "C1 CompilerThread2" daemon [_thread_blocked, id=9068, stack(0x0000000019110000,0x0000000019210000)]
  0x00000000178a6000 JavaThread "C2 CompilerThread1" daemon [_thread_blocked, id=12268, stack(0x0000000019010000,0x0000000019110000)]
  0x00000000178a3000 JavaThread "C2 CompilerThread0" daemon [_thread_blocked, id=11988, stack(0x0000000018f10000,0x0000000019010000)]
  0x00000000178a1800 JavaThread "Attach Listener" daemon [_thread_blocked, id=10912, stack(0x0000000018e10000,0x0000000018f10000)]
  0x00000000178a0000 JavaThread "Signal Dispatcher" daemon [_thread_blocked, id=6004, stack(0x0000000018d10000,0x0000000018e10000)]
  0x0000000002d7c000 JavaThread "Finalizer" daemon [_thread_blocked, id=11516, stack(0x0000000018b00000,0x0000000018c00000)]
  0x0000000002d73000 JavaThread "Reference Handler" daemon [_thread_blocked, id=2684, stack(0x0000000018a00000,0x0000000018b00000)]

Other Threads:
  0x0000000017867000 VMThread [stack: 0x0000000018900000,0x0000000018a00000] [id=436]
  0x0000000019278800 WatcherThread [stack: 0x0000000019860000,0x0000000019960000] [id=11976]

VM state:not at safepoint (normal execution)

VM Mutex/Monitor currently owned by a thread: None

Heap:
 PSYoungGen      total 115200K, used 18149K [0x00000000d5f80000, 0x00000000e2c00000, 0x0000000100000000)
  eden space 103424K, 17% used [0x00000000d5f80000,0x00000000d7139640,0x00000000dc480000)
  from space 11776K, 0% used [0x00000000dc480000,0x00000000dc480000,0x00000000dd000000)
  to   space 11776K, 0% used [0x00000000e2080000,0x00000000e2080000,0x00000000e2c00000)
 ParOldGen       total 72704K, used 13337K [0x0000000081e00000, 0x0000000086500000, 0x00000000d5f80000)
  object space 72704K, 18% used [0x0000000081e00000,0x0000000082b065a8,0x0000000086500000)
 Metaspace       used 35265K, capacity 36994K, committed 37288K, reserved 1081344K
  class space    used 4517K, capacity 4835K, committed 4912K, reserved 1048576K

Card table byte_map: [0x0000000012140000,0x0000000012540000] byte_map_base: 0x0000000011d31000

Marking Bits: (ParMarkBitMap*) 0x000000006e36a6c0
 Begin Bits: [0x0000000012bf0000, 0x0000000014b78000)
 End Bits:   [0x0000000014b78000, 0x0000000016b00000)

Polling page: 0x0000000001250000

CodeCache: size=245760Kb used=12258Kb max_used=12289Kb free=233501Kb
 bounds [0x0000000002d80000, 0x0000000003990000, 0x0000000011d80000]
 total_blobs=3849 nmethods=3410 adapters=350
 compilation: enabled

Compilation events (10 events):
Event: 7.331 Thread 0x00000000178ae800 nmethod 3426 0x0000000002e93dd0 code [0x0000000002e93f20, 0x0000000002e940f0]
Event: 7.331 Thread 0x00000000178ae800 3427       3       org.springframework.beans.factory.annotation.AutowiredAnnotationBeanPostProcessor$$Lambda$187/83927954::get$Lambda (10 bytes)
Event: 7.331 Thread 0x00000000178ae800 nmethod 3427 0x0000000003960d50 code [0x0000000003960ec0, 0x0000000003961130]
Event: 7.332 Thread 0x00000000178ae800 3428       1       sun.util.calendar.CalendarDate::getYear (5 bytes)
Event: 7.333 Thread 0x00000000178ae800 nmethod 3428 0x0000000002f05410 code [0x0000000002f05560, 0x0000000002f05670]
Event: 7.346 Thread 0x00000000178ae800 3429       1       org.apache.tomcat.util.http.MimeHeaderField::getName (5 bytes)
Event: 7.346 Thread 0x00000000178ae800 nmethod 3429 0x0000000002f05150 code [0x0000000002f052a0, 0x0000000002f053b0]
Event: 7.352 Thread 0x00000000178a3000 3430  s    4       java.lang.Throwable::fillInStackTrace (29 bytes)
Event: 7.353 Thread 0x00000000178a3000 nmethod 3430 0x0000000003975c10 code [0x0000000003975d60, 0x0000000003976088]
Event: 7.365 Thread 0x00000000178a6000 3431 %     4       sun.security.provider.SHA::implCompress @ 279 (491 bytes)

GC Heap History (10 events):
Event: 1.498 GC heap before
{Heap before GC invocations=5 (full 1):
 PSYoungGen      total 71680K, used 5105K [0x00000000d5f80000, 0x00000000daa80000, 0x0000000100000000)
  eden space 66560K, 0% used [0x00000000d5f80000,0x00000000d5f80000,0x00000000da080000)
  from space 5120K, 99% used [0x00000000da580000,0x00000000daa7c5a0,0x00000000daa80000)
  to   space 5120K, 0% used [0x00000000da080000,0x00000000da080000,0x00000000da580000)
 ParOldGen       total 87552K, used 5899K [0x0000000081e00000, 0x0000000087380000, 0x00000000d5f80000)
  object space 87552K, 6% used [0x0000000081e00000,0x00000000823c2d60,0x0000000087380000)
 Metaspace       used 20647K, capacity 21204K, committed 21296K, reserved 1067008K
  class space    used 2666K, capacity 2823K, committed 2864K, reserved 1048576K
Event: 1.531 GC heap after
Heap after GC invocations=5 (full 1):
 PSYoungGen      total 71680K, used 0K [0x00000000d5f80000, 0x00000000daa80000, 0x0000000100000000)
  eden space 66560K, 0% used [0x00000000d5f80000,0x00000000d5f80000,0x00000000da080000)
  from space 5120K, 0% used [0x00000000da580000,0x00000000da580000,0x00000000daa80000)
  to   space 5120K, 0% used [0x00000000da080000,0x00000000da080000,0x00000000da580000)
 ParOldGen       total 55296K, used 5709K [0x0000000081e00000, 0x0000000085400000, 0x00000000d5f80000)
  object space 55296K, 10% used [0x0000000081e00000,0x0000000082393608,0x0000000085400000)
 Metaspace       used 20645K, capacity 21198K, committed 21296K, reserved 1067008K
  class space    used 2665K, capacity 2822K, committed 2864K, reserved 1048576K
}
Event: 2.620 GC heap before
{Heap before GC invocations=6 (full 1):
 PSYoungGen      total 71680K, used 66560K [0x00000000d5f80000, 0x00000000daa80000, 0x0000000100000000)
  eden space 66560K, 100% used [0x00000000d5f80000,0x00000000da080000,0x00000000da080000)
  from space 5120K, 0% used [0x00000000da580000,0x00000000da580000,0x00000000daa80000)
  to   space 5120K, 0% used [0x00000000da080000,0x00000000da080000,0x00000000da580000)
 ParOldGen       total 55296K, used 5709K [0x0000000081e00000, 0x0000000085400000, 0x00000000d5f80000)
  object space 55296K, 10% used [0x0000000081e00000,0x0000000082393608,0x0000000085400000)
 Metaspace       used 26837K, capacity 27826K, committed 28080K, reserved 1073152K
  class space    used 3444K, capacity 3669K, committed 3760K, reserved 1048576K
Event: 2.632 GC heap after
Heap after GC invocations=6 (full 1):
 PSYoungGen      total 71680K, used 5111K [0x00000000d5f80000, 0x00000000dd980000, 0x0000000100000000)
  eden space 66560K, 0% used [0x00000000d5f80000,0x00000000d5f80000,0x00000000da080000)
  from space 5120K, 99% used [0x00000000da080000,0x00000000da57dc90,0x00000000da580000)
  to   space 9216K, 0% used [0x00000000dd080000,0x00000000dd080000,0x00000000dd980000)
 ParOldGen       total 55296K, used 7995K [0x0000000081e00000, 0x0000000085400000, 0x00000000d5f80000)
  object space 55296K, 14% used [0x0000000081e00000,0x00000000825cef40,0x0000000085400000)
 Metaspace       used 26837K, capacity 27826K, committed 28080K, reserved 1073152K
  class space    used 3444K, capacity 3669K, committed 3760K, reserved 1048576K
}
Event: 4.071 GC heap before
{Heap before GC invocations=7 (full 1):
 PSYoungGen      total 71680K, used 71671K [0x00000000d5f80000, 0x00000000dd980000, 0x0000000100000000)
  eden space 66560K, 100% used [0x00000000d5f80000,0x00000000da080000,0x00000000da080000)
  from space 5120K, 99% used [0x00000000da080000,0x00000000da57dc90,0x00000000da580000)
  to   space 9216K, 0% used [0x00000000dd080000,0x00000000dd080000,0x00000000dd980000)
 ParOldGen       total 55296K, used 7995K [0x0000000081e00000, 0x0000000085400000, 0x00000000d5f80000)
  object space 55296K, 14% used [0x0000000081e00000,0x00000000825cef40,0x0000000085400000)
 Metaspace       used 33573K, capacity 35218K, committed 35376K, reserved 1079296K
  class space    used 4280K, capacity 4567K, committed 4656K, reserved 1048576K
Event: 4.084 GC heap after
Heap after GC invocations=7 (full 1):
 PSYoungGen      total 112640K, used 9212K [0x00000000d5f80000, 0x00000000ddb80000, 0x0000000100000000)
  eden space 103424K, 0% used [0x00000000d5f80000,0x00000000d5f80000,0x00000000dc480000)
  from space 9216K, 99% used [0x00000000dd080000,0x00000000dd97f3b0,0x00000000dd980000)
  to   space 11776K, 0% used [0x00000000dc480000,0x00000000dc480000,0x00000000dd000000)
 ParOldGen       total 55296K, used 10756K [0x0000000081e00000, 0x0000000085400000, 0x00000000d5f80000)
  object space 55296K, 19% used [0x0000000081e00000,0x00000000828810d0,0x0000000085400000)
 Metaspace       used 33573K, capacity 35218K, committed 35376K, reserved 1079296K
  class space    used 4280K, capacity 4567K, committed 4656K, reserved 1048576K
}
Event: 4.123 GC heap before
{Heap before GC invocations=8 (full 1):
 PSYoungGen      total 112640K, used 12368K [0x00000000d5f80000, 0x00000000ddb80000, 0x0000000100000000)
  eden space 103424K, 3% used [0x00000000d5f80000,0x00000000d6294fe8,0x00000000dc480000)
  from space 9216K, 99% used [0x00000000dd080000,0x00000000dd97f3b0,0x00000000dd980000)
  to   space 11776K, 0% used [0x00000000dc480000,0x00000000dc480000,0x00000000dd000000)
 ParOldGen       total 55296K, used 10756K [0x0000000081e00000, 0x0000000085400000, 0x00000000d5f80000)
  object space 55296K, 19% used [0x0000000081e00000,0x00000000828810d0,0x0000000085400000)
 Metaspace       used 33763K, capacity 35390K, committed 35496K, reserved 1081344K
  class space    used 4302K, capacity 4601K, committed 4656K, reserved 1048576K
Event: 4.136 GC heap after
Heap after GC invocations=8 (full 1):
 PSYoungGen      total 115200K, used 8148K [0x00000000d5f80000, 0x00000000e2c00000, 0x0000000100000000)
  eden space 103424K, 0% used [0x00000000d5f80000,0x00000000d5f80000,0x00000000dc480000)
  from space 11776K, 69% used [0x00000000dc480000,0x00000000dcc75050,0x00000000dd000000)
  to   space 11776K, 0% used [0x00000000e2080000,0x00000000e2080000,0x00000000e2c00000)
 ParOldGen       total 55296K, used 10764K [0x0000000081e00000, 0x0000000085400000, 0x00000000d5f80000)
  object space 55296K, 19% used [0x0000000081e00000,0x00000000828830d0,0x0000000085400000)
 Metaspace       used 33763K, capacity 35390K, committed 35496K, reserved 1081344K
  class space    used 4302K, capacity 4601K, committed 4656K, reserved 1048576K
}
Event: 4.136 GC heap before
{Heap before GC invocations=9 (full 2):
 PSYoungGen      total 115200K, used 8148K [0x00000000d5f80000, 0x00000000e2c00000, 0x0000000100000000)
  eden space 103424K, 0% used [0x00000000d5f80000,0x00000000d5f80000,0x00000000dc480000)
  from space 11776K, 69% used [0x00000000dc480000,0x00000000dcc75050,0x00000000dd000000)
  to   space 11776K, 0% used [0x00000000e2080000,0x00000000e2080000,0x00000000e2c00000)
 ParOldGen       total 55296K, used 10764K [0x0000000081e00000, 0x0000000085400000, 0x00000000d5f80000)
  object space 55296K, 19% used [0x0000000081e00000,0x00000000828830d0,0x0000000085400000)
 Metaspace       used 33763K, capacity 35390K, committed 35496K, reserved 1081344K
  class space    used 4302K, capacity 4601K, committed 4656K, reserved 1048576K
Event: 4.185 GC heap after
Heap after GC invocations=9 (full 2):
 PSYoungGen      total 115200K, used 0K [0x00000000d5f80000, 0x00000000e2c00000, 0x0000000100000000)
  eden space 103424K, 0% used [0x00000000d5f80000,0x00000000d5f80000,0x00000000dc480000)
  from space 11776K, 0% used [0x00000000dc480000,0x00000000dc480000,0x00000000dd000000)
  to   space 11776K, 0% used [0x00000000e2080000,0x00000000e2080000,0x00000000e2c00000)
 ParOldGen       total 72704K, used 13337K [0x0000000081e00000, 0x0000000086500000, 0x00000000d5f80000)
  object space 72704K, 18% used [0x0000000081e00000,0x0000000082b065a8,0x0000000086500000)
 Metaspace       used 33763K, capacity 35390K, committed 35496K, reserved 1081344K
  class space    used 4302K, capacity 4601K, committed 4656K, reserved 1048576K
}

Deoptimization events (10 events):
Event: 3.807 Thread 0x0000000019d70800 Uncommon trap: reason=unstable_if action=reinterpret pc=0x00000000036f8678 method=java.util.IdentityHashMap.nextKeyIndex(II)I @ 4
Event: 3.888 Thread 0x0000000019d70800 Uncommon trap: reason=unstable_if action=reinterpret pc=0x000000000384e6b8 method=org.springframework.beans.factory.support.AbstractBeanFactory.isTypeMatch(Ljava/lang/String;Lorg/springframework/core/ResolvableType;)Z @ 66
Event: 4.022 Thread 0x0000000019d70800 Uncommon trap: reason=unstable_if action=reinterpret pc=0x00000000036f3e2c method=org.springframework.beans.factory.support.DefaultSingletonBeanRegistry.getSingleton(Ljava/lang/String;Z)Ljava/lang/Object; @ 47
Event: 4.024 Thread 0x0000000019d70800 Uncommon trap: reason=unstable_if action=reinterpret pc=0x00000000033d5204 method=java.io.WinNTFileSystem.isLetter(C)Z @ 3
Event: 4.217 Thread 0x0000000019d70800 Uncommon trap: reason=unstable_if action=reinterpret pc=0x0000000003896f14 method=org.springframework.util.ConcurrentReferenceHashMap$Segment.clear()V @ 4
Event: 4.225 Thread 0x0000000019d70800 Uncommon trap: reason=class_check action=maybe_recompile pc=0x00000000036a6bd4 method=java.util.AbstractList$Itr.hasNext()Z @ 8
Event: 4.256 Thread 0x0000000019d70800 Uncommon trap: reason=bimorphic action=maybe_recompile pc=0x000000000341e814 method=java.util.Hashtable.get(Ljava/lang/Object;)Ljava/lang/Object; @ 6
Event: 4.256 Thread 0x0000000019d70800 Uncommon trap: reason=bimorphic action=maybe_recompile pc=0x000000000341e814 method=java.util.Hashtable.get(Ljava/lang/Object;)Ljava/lang/Object; @ 6
Event: 7.348 Thread 0x000000001d8ae000 Uncommon trap: reason=class_check action=maybe_recompile pc=0x00000000036a6bd4 method=java.util.AbstractList$Itr.hasNext()Z @ 8
Event: 7.348 Thread 0x000000001d8ae000 Uncommon trap: reason=bimorphic action=maybe_recompile pc=0x00000000037696bc method=java.util.AbstractList$Itr.next()Ljava/lang/Object; @ 14

Internal exceptions (10 events):
Event: 3.778 Thread 0x0000000019d70800 Exception <a 'java/lang/ClassNotFoundException': org/springframework/boot/autoconfigure/web/servlet/WebMvcAutoConfiguration$EnableWebMvcConfiguration$$EnhancerBySpringCGLIB$$b19303d2Customizer> (0x00000000d88aba80) thrown at [C:\re\workspace\8-2-build-win
Event: 3.780 Thread 0x0000000019d70800 Exception <a 'java/lang/ClassNotFoundException': org/springframework/context/annotation/ConfigurationClassEnhancer$EnhancedConfigurationCustomizer> (0x00000000d88df7b8) thrown at [C:\re\workspace\8-2-build-windows-amd64-cygwin\jdk8u111\7883\hotspot\src\sh
Event: 3.780 Thread 0x0000000019d70800 Exception <a 'java/lang/ClassNotFoundException': org/springframework/beans/factory/BeanFactoryAwareCustomizer> (0x00000000d88edf70) thrown at [C:\re\workspace\8-2-build-windows-amd64-cygwin\jdk8u111\7883\hotspot\src\share\vm\classfile\systemDictionary.cpp
Event: 3.780 Thread 0x0000000019d70800 Exception <a 'java/lang/ClassNotFoundException': org/springframework/beans/factory/AwareCustomizer> (0x00000000d88fc260) thrown at [C:\re\workspace\8-2-build-windows-amd64-cygwin\jdk8u111\7883\hotspot\src\share\vm\classfile\systemDictionary.cpp, line 210]
Event: 3.781 Thread 0x0000000019d70800 Exception <a 'java/lang/ClassNotFoundException': org/springframework/context/ApplicationContextAwareCustomizer> (0x00000000d890ab68) thrown at [C:\re\workspace\8-2-build-windows-amd64-cygwin\jdk8u111\7883\hotspot\src\share\vm\classfile\systemDictionary.cp
Event: 3.781 Thread 0x0000000019d70800 Exception <a 'java/lang/ClassNotFoundException': org/springframework/beans/factory/AwareCustomizer> (0x00000000d8918e30) thrown at [C:\re\workspace\8-2-build-windows-amd64-cygwin\jdk8u111\7883\hotspot\src\share\vm\classfile\systemDictionary.cpp, line 210]
Event: 3.781 Thread 0x0000000019d70800 Exception <a 'java/lang/ClassNotFoundException': org/springframework/web/context/ServletContextAwareCustomizer> (0x00000000d89276b8) thrown at [C:\re\workspace\8-2-build-windows-amd64-cygwin\jdk8u111\7883\hotspot\src\share\vm\classfile\systemDictionary.cp
Event: 3.782 Thread 0x0000000019d70800 Exception <a 'java/lang/ClassNotFoundException': org/springframework/beans/factory/AwareCustomizer> (0x00000000d89353f0) thrown at [C:\re\workspace\8-2-build-windows-amd64-cygwin\jdk8u111\7883\hotspot\src\share\vm\classfile\systemDictionary.cpp, line 210]
Event: 3.782 Thread 0x0000000019d70800 Implicit null exception at 0x00000000036b878c to 0x00000000036b8901
Event: 7.347 Thread 0x000000001d8ae000 Exception <a 'java/lang/NoSuchMethodError': java.lang.Object.lambda$thenComparing$36697e65$1(Ljava/util/Comparator;Ljava/lang/Object;Ljava/lang/Object;)I> (0x00000000d6f85e18) thrown at [C:\re\workspace\8-2-build-windows-amd64-cygwin\jdk8u111\7883\hotspot

Events (10 events):
Event: 7.363 loading class org/springframework/web/bind/ServletRequestParameterPropertyValues
Event: 7.363 loading class org/springframework/web/bind/ServletRequestParameterPropertyValues done
Event: 7.364 loading class org/springframework/validation/DefaultBindingErrorProcessor
Event: 7.364 loading class org/springframework/validation/DefaultBindingErrorProcessor done
Event: 7.365 loading class com/nitgen/SDK/BSP/NBioBSPJNI$FIR_TEXTENCODE
Event: 7.365 loading class com/nitgen/SDK/BSP/NBioBSPJNI$FIR_TEXTENCODE done
Event: 7.365 loading class com/nitgen/SDK/BSP/NBioBSPJNI$INPUT_FIR
Event: 7.365 loading class com/nitgen/SDK/BSP/NBioBSPJNI$INPUT_FIR done
Event: 7.366 loading class com/nitgen/SDK/BSP/NBioBSPJNI$FIR_PAYLOAD
Event: 7.366 loading class com/nitgen/SDK/BSP/NBioBSPJNI$FIR_PAYLOAD done


Dynamic libraries:
0x00007ff75a710000 - 0x00007ff75a747000 	C:\Program Files\Java\jdk1.8.0_111\bin\javaw.exe
0x00007ff8e5e60000 - 0x00007ff8e6041000 	C:\WINDOWS\SYSTEM32\ntdll.dll
0x00007ff8e4f40000 - 0x00007ff8e4ff1000 	C:\WINDOWS\System32\KERNEL32.DLL
0x00007ff8e2280000 - 0x00007ff8e24f3000 	C:\WINDOWS\System32\KERNELBASE.dll
0x00007ff8e5330000 - 0x00007ff8e53d1000 	C:\WINDOWS\System32\ADVAPI32.dll
0x00007ff8e5930000 - 0x00007ff8e59ce000 	C:\WINDOWS\System32\msvcrt.dll
0x00007ff8e3630000 - 0x00007ff8e368b000 	C:\WINDOWS\System32\sechost.dll
0x00007ff8e38d0000 - 0x00007ff8e39f4000 	C:\WINDOWS\System32\RPCRT4.dll
0x00007ff8e5ca0000 - 0x00007ff8e5e30000 	C:\WINDOWS\System32\USER32.dll
0x00007ff8e2730000 - 0x00007ff8e2750000 	C:\WINDOWS\System32\win32u.dll
0x00007ff8e4f10000 - 0x00007ff8e4f38000 	C:\WINDOWS\System32\GDI32.dll
0x00007ff8e2750000 - 0x00007ff8e28e2000 	C:\WINDOWS\System32\gdi32full.dll
0x00007ff8e3000000 - 0x00007ff8e309f000 	C:\WINDOWS\System32\msvcp_win.dll
0x00007ff8e25b0000 - 0x00007ff8e26a8000 	C:\WINDOWS\System32\ucrtbase.dll
0x00007ff8d2950000 - 0x00007ff8d2bb9000 	C:\WINDOWS\WinSxS\amd64_microsoft.windows.common-controls_6595b64144ccf1df_6.0.17134.753_none_fb40a13930672597\COMCTL32.dll
0x00007ff8e32f0000 - 0x00007ff8e3612000 	C:\WINDOWS\System32\combase.dll
0x00007ff8e26b0000 - 0x00007ff8e272a000 	C:\WINDOWS\System32\bcryptPrimitives.dll
0x00007ff8e5010000 - 0x00007ff8e503d000 	C:\WINDOWS\System32\IMM32.DLL
0x000000006d970000 - 0x000000006da42000 	C:\Program Files\Java\jdk1.8.0_111\jre\bin\msvcr100.dll
0x000000006db50000 - 0x000000006e3ea000 	C:\Program Files\Java\jdk1.8.0_111\jre\bin\server\jvm.dll
0x00007ff8e5000000 - 0x00007ff8e5008000 	C:\WINDOWS\System32\PSAPI.DLL
0x00007ff8cc8c0000 - 0x00007ff8cc8c9000 	C:\WINDOWS\SYSTEM32\WSOCK32.dll
0x00007ff8dfd50000 - 0x00007ff8dfd73000 	C:\WINDOWS\SYSTEM32\WINMM.dll
0x00007ff8d51c0000 - 0x00007ff8d51ca000 	C:\WINDOWS\SYSTEM32\VERSION.dll
0x00007ff8e5c30000 - 0x00007ff8e5c9c000 	C:\WINDOWS\System32\WS2_32.dll
0x00007ff8dfd20000 - 0x00007ff8dfd4a000 	C:\WINDOWS\SYSTEM32\WINMMBASE.dll
0x00007ff8e2230000 - 0x00007ff8e2279000 	C:\WINDOWS\System32\cfgmgr32.dll
0x000000006db40000 - 0x000000006db4f000 	C:\Program Files\Java\jdk1.8.0_111\jre\bin\verify.dll
0x000000006db10000 - 0x000000006db39000 	C:\Program Files\Java\jdk1.8.0_111\jre\bin\java.dll
0x000000006daf0000 - 0x000000006db06000 	C:\Program Files\Java\jdk1.8.0_111\jre\bin\zip.dll
0x00007ff8e3a00000 - 0x00007ff8e4e40000 	C:\WINDOWS\System32\SHELL32.dll
0x00007ff8e3820000 - 0x00007ff8e38c9000 	C:\WINDOWS\System32\shcore.dll
0x00007ff8e28f0000 - 0x00007ff8e2ffd000 	C:\WINDOWS\System32\windows.storage.dll
0x00007ff8e5a30000 - 0x00007ff8e5a81000 	C:\WINDOWS\System32\shlwapi.dll
0x00007ff8e21c0000 - 0x00007ff8e21d1000 	C:\WINDOWS\System32\kernel.appcore.dll
0x00007ff8e2210000 - 0x00007ff8e222f000 	C:\WINDOWS\System32\profapi.dll
0x00007ff8e2170000 - 0x00007ff8e21bc000 	C:\WINDOWS\System32\powrprof.dll
0x00007ff8e21e0000 - 0x00007ff8e21ea000 	C:\WINDOWS\System32\FLTLIB.DLL
0x000000006d960000 - 0x000000006d96d000 	C:\Program Files\Java\jdk1.8.0_111\jre\bin\management.dll
0x000000006dad0000 - 0x000000006daea000 	C:\Program Files\Java\jdk1.8.0_111\jre\bin\net.dll
0x00007ff8e1990000 - 0x00007ff8e19f6000 	C:\WINDOWS\system32\mswsock.dll
0x00007ff8cba60000 - 0x00007ff8cba76000 	C:\WINDOWS\system32\napinsp.dll
0x00007ff8cba40000 - 0x00007ff8cba5a000 	C:\WINDOWS\system32\pnrpnsp.dll
0x00007ff8de9e0000 - 0x00007ff8de9f9000 	C:\WINDOWS\system32\NLAapi.dll
0x00007ff8e1750000 - 0x00007ff8e180e000 	C:\WINDOWS\SYSTEM32\DNSAPI.dll
0x00007ff8e3620000 - 0x00007ff8e3628000 	C:\WINDOWS\System32\NSI.dll
0x00007ff8e1710000 - 0x00007ff8e1748000 	C:\WINDOWS\SYSTEM32\IPHLPAPI.DLL
0x00007ff8cba30000 - 0x00007ff8cba3e000 	C:\WINDOWS\System32\winrnr.dll
0x00007ff8dbf50000 - 0x00007ff8dbf5a000 	C:\Windows\System32\rasadhlp.dll
0x00007ff8dc7b0000 - 0x00007ff8dc822000 	C:\WINDOWS\System32\fwpuclnt.dll
0x00007ff8e1c70000 - 0x00007ff8e1c95000 	C:\WINDOWS\SYSTEM32\bcrypt.dll
0x000000006dab0000 - 0x000000006dac1000 	C:\Program Files\Java\jdk1.8.0_111\jre\bin\nio.dll
0x00007ff8e1b40000 - 0x00007ff8e1b57000 	C:\WINDOWS\SYSTEM32\CRYPTSP.dll
0x00007ff8e1570000 - 0x00007ff8e15a3000 	C:\WINDOWS\system32\rsaenh.dll
0x00007ff8e2070000 - 0x00007ff8e2098000 	C:\WINDOWS\SYSTEM32\USERENV.dll
0x00007ff8e1b60000 - 0x00007ff8e1b6b000 	C:\WINDOWS\SYSTEM32\CRYPTBASE.dll
0x00007ff8dd2e0000 - 0x00007ff8dd2f6000 	C:\WINDOWS\SYSTEM32\dhcpcsvc6.DLL
0x00007ff8dd2b0000 - 0x00007ff8dd2ca000 	C:\WINDOWS\SYSTEM32\dhcpcsvc.DLL
0x00007ff8d6280000 - 0x00007ff8d62b9000 	C:\Windows\System32\NBioBSPJNI.dll
0x00007ff88b390000 - 0x00007ff88b928000 	C:\WINDOWS\SYSTEM32\NBioBSP.dll
0x00007ff8e5240000 - 0x00007ff8e532d000 	C:\WINDOWS\System32\COMDLG32.dll
0x00007ff8e50e0000 - 0x00007ff8e5231000 	C:\WINDOWS\System32\ole32.dll
0x00007ff8e4e40000 - 0x00007ff8e4f02000 	C:\WINDOWS\System32\OLEAUT32.dll
0x00007ff8c8920000 - 0x00007ff8c8927000 	C:\WINDOWS\SYSTEM32\MSIMG32.dll
0x00007ff8dd610000 - 0x00007ff8dd695000 	C:\WINDOWS\SYSTEM32\WINSPOOL.DRV
0x00007ff8cd500000 - 0x00007ff8cd69b000 	C:\WINDOWS\WinSxS\amd64_microsoft.windows.gdiplus_6595b64144ccf1df_1.1.17134.753_none_2c2b941e8af99f65\gdiplus.dll
0x00007ff8c1bc0000 - 0x00007ff8c1c2b000 	C:\WINDOWS\SYSTEM32\OLEACC.dll
0x00007ff8de3b0000 - 0x00007ff8de564000 	C:\WINDOWS\SYSTEM32\PROPSYS.dll
0x00007ff8e0830000 - 0x00007ff8e08c8000 	C:\WINDOWS\system32\UxTheme.dll
0x00007ff8e0910000 - 0x00007ff8e0939000 	C:\WINDOWS\system32\dwmapi.dll
0x00007ff8a5e00000 - 0x00007ff8a5fc9000 	C:\WINDOWS\SYSTEM32\dbghelp.dll

VM Arguments:
jvm_args: -Dfile.encoding=UTF-8 
java_command: com.fingertech.api.FingertechAPI.FingertechApiApplication
java_class_path (initial): C:\Users\pedro\Documents\projeto Web Restfull\FingertechAPI\FingertechAPI\target\classes;C:\Users\pedro\Documents\projeto Web Restfull\eNBioBSP_SDK_JAVA_v1.0.0.15\eNBioBSP_SDK_JAVA_v1.0.0.15\Lib\NBioBSPJNI.jar;C:\Users\pedro\.m2\repository\org\springframework\boot\spring-boot-starter-web\2.1.5.RELEASE\spring-boot-starter-web-2.1.5.RELEASE.jar;C:\Users\pedro\.m2\repository\org\springframework\boot\spring-boot-starter\2.1.5.RELEASE\spring-boot-starter-2.1.5.RELEASE.jar;C:\Users\pedro\.m2\repository\org\springframework\boot\spring-boot-starter-logging\2.1.5.RELEASE\spring-boot-starter-logging-2.1.5.RELEASE.jar;C:\Users\pedro\.m2\repository\ch\qos\logback\logback-classic\1.2.3\logback-classic-1.2.3.jar;C:\Users\pedro\.m2\repository\ch\qos\logback\logback-core\1.2.3\logback-core-1.2.3.jar;C:\Users\pedro\.m2\repository\org\apache\logging\log4j\log4j-to-slf4j\2.11.2\log4j-to-slf4j-2.11.2.jar;C:\Users\pedro\.m2\repository\org\apache\logging\log4j\log4j-api\2.11.2\log4j-api-2.11.2.jar;C:\Users\pedro\.m2\repository\org\slf4j\jul-to-slf4j\1.7.26\jul-to-slf4j-1.7.26.jar;C:\Users\pedro\.m2\repository\javax\annotation\javax.annotation-api\1.3.2\javax.annotation-api-1.3.2.jar;C:\Users\pedro\.m2\repository\org\yaml\snakeyaml\1.23\snakeyaml-1.23.jar;C:\Users\pedro\.m2\repository\org\springframework\boot\spring-boot-starter-json\2.1.5.RELEASE\spring-boot-starter-json-2.1.5.RELEASE.jar;C:\Users\pedro\.m2\repository\com\fasterxml\jackson\core\jackson-databind\2.9.8\jackson-databind-2.9.8.jar;C:\Users\pedro\.m2\repository\com\fasterxml\jackson\core\jackson-annotations\2.9.0\jackson-annotations-2.9.0.jar;C:\Users\pedro\.m2\repository\com\fasterxml\jackson\core\jackson-core\2.9.8\jackson-core-2.9.8.jar;C:\Users\pedro\.m2\repository\com\fasterxml\jackson\datatype\jackson-datatype-jdk8\2.9.8\jackson-datatype-jdk8-2.9.8.jar;C:\Users\pedro\.m2\repository\com\fasterxml\jackson\datatype\jackson-datatype-jsr310\2.9.8\jackson-datatype-jsr310-2.9.8.jar;C:\Users\pedro\.
Launcher Type: SUN_STANDARD

Environment Variables:
JAVA_HOME=C:\Program Files (x86)\Java\jdk1.8.0_144
PATH=C:/Program Files/Java/jdk1.8.0_111/jre/bin/server;C:/Program Files/Java/jdk1.8.0_111/jre/bin;C:/Program Files/Java/jdk1.8.0_111/jre/lib/amd64;C:\ProgramData\Oracle\Java\javapath;C:\Program Files (x86)\Common Files\Intel\Shared Files\cpp\bin\Intel64;C:\Program Files (x86)\Embarcadero\RAD Studio\11.0\bin;C:\Users\Public\Documents\RAD Studio\11.0\Bpl;C:\Program Files (x86)\Embarcadero\RAD Studio\11.0\bin64;C:\Users\Public\Documents\RAD Studio\11.0\Bpl\Win64;C:\Program Files (x86)\Embarcadero\RAD Studio\9.0\bin;C:\Users\Public\Documents\RAD Studio\9.0\Bpl;C:\Program Files (x86)\Embarcadero\RAD Studio\9.0\bin64;C:\Users\Public\Documents\RAD Studio\9.0\Bpl\Win64;C:\WINDOWS\system32;C:\WINDOWS;C:\WINDOWS\System32\Wbem;C:\WINDOWS\System32\WindowsPowerShell\v1.0\;C:\Program Files (x86)\Windows Kits\8.1\Windows Performance Toolkit\;C:\Program Files\Git\cmd;C:\PHP;C:\Program Files\TortoiseSVN\bin;C:\Program Files (x86)\StepOver\driver\;C:\Program Files (x86)\Microsoft SQL Server\Client SDK\ODBC\110\Tools\Binn\;C:\Program Files (x86)\Microsoft SQL Server\120\Tools\Binn\;C:\Program Files (x86)\Microsoft SQL Server\120\DTS\Binn\;C:\WINDOWS\System32\OpenSSH\;C:\Users\pedro\AppData\Local\Microsoft\WindowsApps;C:\Users\pedro\AppData\Local\GitHubDesktop\bin;C:\Users\pedro\AppData\Local\Microsoft\WindowsApps;C:\Program Files (x86)\Java\jdk1.8.0_144\bin;;C:\Users\pedro\Desktop;
USERNAME=pedro
OS=Windows_NT
PROCESSOR_IDENTIFIER=Intel64 Family 6 Model 60 Stepping 3, GenuineIntel



---------------  S Y S T E M  ---------------

OS: Windows 10.0 , 64 bit Build 17134 (10.0.17134.753)

CPU:total 4 (2 cores per cpu, 2 threads per core) family 6 model 60 stepping 3, cmov, cx8, fxsr, mmx, sse, sse2, sse3, ssse3, sse4.1, sse4.2, popcnt, avx, avx2, aes, clmul, erms, lzcnt, ht, tsc, tscinvbit, bmi1, bmi2

Memory: 4k page, physical 8263700k(1876444k free), swap 14555156k(1495880k free)

vm_info: Java HotSpot(TM) 64-Bit Server VM (25.111-b14) for windows-amd64 JRE (1.8.0_111-b14), built on Sep 22 2016 19:24:05 by "java_re" with MS VC++ 10.0 (VS2010)

time: Fri Jun 14 11:56:04 2019
elapsed time: 7 seconds (0d 0h 0m 7s)

