#
# A fatal error has been detected by the Java Runtime Environment:
#
#  EXCEPTION_ACCESS_VIOLATION (0xc0000005) at pc=0x00007ff88b53a2d5, pid=7352, tid=0x00000000000000e0
#
# JRE version: Java(TM) SE Runtime Environment (8.0_111-b14) (build 1.8.0_111-b14)
# Java VM: Java HotSpot(TM) 64-Bit Server VM (25.111-b14 mixed mode windows-amd64 compressed oops)
# Problematic frame:
# C  [NBioBSP.dll+0x1aa2d5]
#
# Failed to write core dump. Minidumps are not enabled by default on client versions of Windows
#
# If you would like to submit a bug report, please visit:
#   http://bugreport.java.com/bugreport/crash.jsp
# The crash happened outside the Java Virtual Machine in native code.
# See problematic frame for where to report the bug.
#

---------------  T H R E A D  ---------------

Current thread (0x000000001ab79800):  JavaThread "http-nio-8080-exec-2" daemon [_thread_in_native, id=224, stack(0x000000005f700000,0x000000005f800000)]

siginfo: ExceptionCode=0xc0000005, reading address 0x00000000a804fa58

Registers:
RAX=0x0000000140004040, RBX=0x000000005f7fc8e8, RCX=0x00000001c86d9810, RDX=0xfffffffedf976248
RSP=0x000000005f7fbce8, RBP=0x000000000000000c, RSI=0x000000001f97a010, RDI=0x000000001f97b9a0
R8 =0x00000000886d57d4, R9 =0x0000000000000000, R10=0x0000000000000000, R11=0x0000000140004040
R12=0x000000005f7fbda0, R13=0x000000005f7fc8a8, R14=0x0000000000000000, R15=0x0000000000000000
RIP=0x00007ff88b53a2d5, EFLAGS=0x0000000000010202

Top of Stack: (sp=0x000000005f7fbce8)
0x000000005f7fbce8:   00007ff88b3c7d0a 000000005f7fc8e8
0x000000005f7fbcf8:   000000001f97a010 000000001f97a010
0x000000005f7fbd08:   000000000000000d 000000005f7fbd70
0x000000005f7fbd18:   0000000000000000 000000005f7fbea0
0x000000005f7fbd28:   000000006dd472ba fffffffffffffffe
0x000000005f7fbd38:   00007ff88b57dfe8 0000000000000000
0x000000005f7fbd48:   000000001f97a270 000000005f7fc8c8
0x000000005f7fbd58:   0000000000000400 000000005f7fc8a0
0x000000005f7fbd68:   00007ff88b3cb249 0000000100000009
0x000000005f7fbd78:   000000001f97b0c8 000000001f97a270
0x000000005f7fbd88:   0000000000000000 0000000000000003
0x000000005f7fbd98:   000000006dd474b7 000000001f97b9a0
0x000000005f7fbda8:   000000005f7fbdd0 000000005f7fd180
0x000000005f7fbdb8:   0000000000000000 0000000000000000
0x000000005f7fbdc8:   0000000000000000 000000006dd46cf0
0x000000005f7fbdd8:   000000005f7fc8a0 000000005f7fc078 

Instructions: (pc=0x00007ff88b53a2d5)
0x00007ff88b53a2b5:   c8 88 01 f6 c1 02 74 0f 48 83 e9 02 66 8b 04 0a
0x00007ff88b53a2c5:   49 83 e8 02 66 89 01 f6 c1 04 74 0d 48 83 e9 04
0x00007ff88b53a2d5:   8b 04 0a 49 83 e8 04 89 01 4d 8b c8 49 c1 e9 05
0x00007ff88b53a2e5:   75 50 4d 8b c8 49 c1 e9 03 74 14 48 83 e9 08 48 


Register to memory mapping:

RAX=0x0000000140004040 is an unknown value
RBX=0x000000005f7fc8e8 is pointing into the stack for thread: 0x000000001ab79800
RCX=0x00000001c86d9810 is an unknown value
RDX=0xfffffffedf976248 is an unknown value
RSP=0x000000005f7fbce8 is pointing into the stack for thread: 0x000000001ab79800
RBP=0x000000000000000c is an unknown value
RSI=0x000000001f97a010 is an unknown value
RDI=0x000000001f97b9a0 is an unknown value
R8 =0x00000000886d57d4 is an unallocated location in the heap
R9 =0x0000000000000000 is an unknown value
R10=0x0000000000000000 is an unknown value
R11=0x0000000140004040 is an unknown value
R12=0x000000005f7fbda0 is pointing into the stack for thread: 0x000000001ab79800
R13=0x000000005f7fc8a8 is pointing into the stack for thread: 0x000000001ab79800
R14=0x0000000000000000 is an unknown value
R15=0x0000000000000000 is an unknown value


Stack: [0x000000005f700000,0x000000005f800000],  sp=0x000000005f7fbce8,  free space=1007k
Native frames: (J=compiled Java code, j=interpreted, Vv=VM code, C=native code)
C  [NBioBSP.dll+0x1aa2d5]

Java frames: (J=compiled Java code, j=interpreted, Vv=VM code)
j  com.nitgen.SDK.BSP.NBioBSPJNI.NBioAPI_NativeVerifyMatchEx(JLcom/nitgen/SDK/BSP/NBioBSPJNI$INPUT_FIR;Lcom/nitgen/SDK/BSP/NBioBSPJNI$INPUT_FIR;Ljava/lang/Boolean;Lcom/nitgen/SDK/BSP/NBioBSPJNI$FIR_PAYLOAD;Lcom/nitgen/SDK/BSP/NBioBSPJNI$MATCH_OPTION;)I+0
j  com.nitgen.SDK.BSP.NBioBSPJNI.VerifyMatch(Lcom/nitgen/SDK/BSP/NBioBSPJNI$INPUT_FIR;Lcom/nitgen/SDK/BSP/NBioBSPJNI$INPUT_FIR;Ljava/lang/Boolean;Lcom/nitgen/SDK/BSP/NBioBSPJNI$FIR_PAYLOAD;Lcom/nitgen/SDK/BSP/NBioBSPJNI$MATCH_OPTION;)I+23
j  com.nitgen.SDK.BSP.NBioBSPJNI.VerifyMatch(Lcom/nitgen/SDK/BSP/NBioBSPJNI$INPUT_FIR;Lcom/nitgen/SDK/BSP/NBioBSPJNI$INPUT_FIR;Ljava/lang/Boolean;Lcom/nitgen/SDK/BSP/NBioBSPJNI$FIR_PAYLOAD;)I+7
j  Utils.UtilsNitgen.check1to1(Ljava/lang/String;Ljava/lang/String;)Z+135
j  com.fingertech.api.FingertechAPI.Controller.checkFingerprint.checkFingerByReceiver(Ljava/lang/String;)Ljava/lang/String;+9
v  ~StubRoutines::call_stub
J 1562  sun.reflect.NativeMethodAccessorImpl.invoke0(Ljava/lang/reflect/Method;Ljava/lang/Object;[Ljava/lang/Object;)Ljava/lang/Object; (0 bytes) @ 0x0000000002cf257f [0x0000000002cf2500+0x7f]
J 7514 C2 sun.reflect.NativeMethodAccessorImpl.invoke(Ljava/lang/Object;[Ljava/lang/Object;)Ljava/lang/Object; (104 bytes) @ 0x0000000002cc7210 [0x0000000002cc71a0+0x70]
J 1947 C2 java.lang.reflect.Method.invoke(Ljava/lang/Object;[Ljava/lang/Object;)Ljava/lang/Object; (62 bytes) @ 0x0000000002eb90bc [0x0000000002eb9020+0x9c]
j  org.springframework.web.method.support.InvocableHandlerMethod.doInvoke([Ljava/lang/Object;)Ljava/lang/Object;+16
j  org.springframework.web.method.support.InvocableHandlerMethod.invokeForRequest(Lorg/springframework/web/context/request/NativeWebRequest;Lorg/springframework/web/method/support/ModelAndViewContainer;[Ljava/lang/Object;)Ljava/lang/Object;+56
j  org.springframework.web.servlet.mvc.method.annotation.ServletInvocableHandlerMethod.invokeAndHandle(Lorg/springframework/web/context/request/ServletWebRequest;Lorg/springframework/web/method/support/ModelAndViewContainer;[Ljava/lang/Object;)V+4
j  org.springframework.web.servlet.mvc.method.annotation.RequestMappingHandlerAdapter.invokeHandlerMethod(Ljavax/servlet/http/HttpServletRequest;Ljavax/servlet/http/HttpServletResponse;Lorg/springframework/web/method/HandlerMethod;)Lorg/springframework/web/servlet/ModelAndView;+244
j  org.springframework.web.servlet.mvc.method.annotation.RequestMappingHandlerAdapter.handleInternal(Ljavax/servlet/http/HttpServletRequest;Ljavax/servlet/http/HttpServletResponse;Lorg/springframework/web/method/HandlerMethod;)Lorg/springframework/web/servlet/ModelAndView;+81
j  org.springframework.web.servlet.mvc.method.AbstractHandlerMethodAdapter.handle(Ljavax/servlet/http/HttpServletRequest;Ljavax/servlet/http/HttpServletResponse;Ljava/lang/Object;)Lorg/springframework/web/servlet/ModelAndView;+7
j  org.springframework.web.servlet.DispatcherServlet.doDispatch(Ljavax/servlet/http/HttpServletRequest;Ljavax/servlet/http/HttpServletResponse;)V+257
j  org.springframework.web.servlet.DispatcherServlet.doService(Ljavax/servlet/http/HttpServletRequest;Ljavax/servlet/http/HttpServletResponse;)V+212
j  org.springframework.web.servlet.FrameworkServlet.processRequest(Ljavax/servlet/http/HttpServletRequest;Ljavax/servlet/http/HttpServletResponse;)V+71
j  org.springframework.web.servlet.FrameworkServlet.doGet(Ljavax/servlet/http/HttpServletRequest;Ljavax/servlet/http/HttpServletResponse;)V+3
j  javax.servlet.http.HttpServlet.service(Ljavax/servlet/http/HttpServletRequest;Ljavax/servlet/http/HttpServletResponse;)V+35
j  org.springframework.web.servlet.FrameworkServlet.service(Ljavax/servlet/http/HttpServletRequest;Ljavax/servlet/http/HttpServletResponse;)V+33
j  javax.servlet.http.HttpServlet.service(Ljavax/servlet/ServletRequest;Ljavax/servlet/ServletResponse;)V+36
J 7864 C1 org.apache.catalina.core.ApplicationFilterChain.internalDoFilter(Ljavax/servlet/ServletRequest;Ljavax/servlet/ServletResponse;)V (388 bytes) @ 0x0000000003fd9e24 [0x0000000003fd9360+0xac4]
J 7196 C1 org.apache.catalina.core.ApplicationFilterChain.doFilter(Ljavax/servlet/ServletRequest;Ljavax/servlet/ServletResponse;)V (105 bytes) @ 0x0000000003de574c [0x0000000003de56c0+0x8c]
j  org.apache.tomcat.websocket.server.WsFilter.doFilter(Ljavax/servlet/ServletRequest;Ljavax/servlet/ServletResponse;Ljavax/servlet/FilterChain;)V+21
J 7864 C1 org.apache.catalina.core.ApplicationFilterChain.internalDoFilter(Ljavax/servlet/ServletRequest;Ljavax/servlet/ServletResponse;)V (388 bytes) @ 0x0000000003fd98d4 [0x0000000003fd9360+0x574]
J 7196 C1 org.apache.catalina.core.ApplicationFilterChain.doFilter(Ljavax/servlet/ServletRequest;Ljavax/servlet/ServletResponse;)V (105 bytes) @ 0x0000000003de574c [0x0000000003de56c0+0x8c]
j  org.springframework.web.filter.RequestContextFilter.doFilterInternal(Ljavax/servlet/http/HttpServletRequest;Ljavax/servlet/http/HttpServletResponse;Ljavax/servlet/FilterChain;)V+21
j  org.springframework.web.filter.OncePerRequestFilter.doFilter(Ljavax/servlet/ServletRequest;Ljavax/servlet/ServletResponse;Ljavax/servlet/FilterChain;)V+111
J 7864 C1 org.apache.catalina.core.ApplicationFilterChain.internalDoFilter(Ljavax/servlet/ServletRequest;Ljavax/servlet/ServletResponse;)V (388 bytes) @ 0x0000000003fd98d4 [0x0000000003fd9360+0x574]
J 7196 C1 org.apache.catalina.core.ApplicationFilterChain.doFilter(Ljavax/servlet/ServletRequest;Ljavax/servlet/ServletResponse;)V (105 bytes) @ 0x0000000003de574c [0x0000000003de56c0+0x8c]
j  org.springframework.web.filter.FormContentFilter.doFilterInternal(Ljavax/servlet/http/HttpServletRequest;Ljavax/servlet/http/HttpServletResponse;Ljavax/servlet/FilterChain;)V+38
j  org.springframework.web.filter.OncePerRequestFilter.doFilter(Ljavax/servlet/ServletRequest;Ljavax/servlet/ServletResponse;Ljavax/servlet/FilterChain;)V+111
J 7864 C1 org.apache.catalina.core.ApplicationFilterChain.internalDoFilter(Ljavax/servlet/ServletRequest;Ljavax/servlet/ServletResponse;)V (388 bytes) @ 0x0000000003fd98d4 [0x0000000003fd9360+0x574]
J 7196 C1 org.apache.catalina.core.ApplicationFilterChain.doFilter(Ljavax/servlet/ServletRequest;Ljavax/servlet/ServletResponse;)V (105 bytes) @ 0x0000000003de574c [0x0000000003de56c0+0x8c]
j  org.springframework.web.filter.HiddenHttpMethodFilter.doFilterInternal(Ljavax/servlet/http/HttpServletRequest;Ljavax/servlet/http/HttpServletResponse;Ljavax/servlet/FilterChain;)V+87
j  org.springframework.web.filter.OncePerRequestFilter.doFilter(Ljavax/servlet/ServletRequest;Ljavax/servlet/ServletResponse;Ljavax/servlet/FilterChain;)V+111
J 7864 C1 org.apache.catalina.core.ApplicationFilterChain.internalDoFilter(Ljavax/servlet/ServletRequest;Ljavax/servlet/ServletResponse;)V (388 bytes) @ 0x0000000003fd98d4 [0x0000000003fd9360+0x574]
J 7196 C1 org.apache.catalina.core.ApplicationFilterChain.doFilter(Ljavax/servlet/ServletRequest;Ljavax/servlet/ServletResponse;)V (105 bytes) @ 0x0000000003de574c [0x0000000003de56c0+0x8c]
j  org.springframework.web.filter.CharacterEncodingFilter.doFilterInternal(Ljavax/servlet/http/HttpServletRequest;Ljavax/servlet/http/HttpServletResponse;Ljavax/servlet/FilterChain;)V+53
j  org.springframework.web.filter.OncePerRequestFilter.doFilter(Ljavax/servlet/ServletRequest;Ljavax/servlet/ServletResponse;Ljavax/servlet/FilterChain;)V+111
J 7864 C1 org.apache.catalina.core.ApplicationFilterChain.internalDoFilter(Ljavax/servlet/ServletRequest;Ljavax/servlet/ServletResponse;)V (388 bytes) @ 0x0000000003fd98d4 [0x0000000003fd9360+0x574]
J 7196 C1 org.apache.catalina.core.ApplicationFilterChain.doFilter(Ljavax/servlet/ServletRequest;Ljavax/servlet/ServletResponse;)V (105 bytes) @ 0x0000000003de574c [0x0000000003de56c0+0x8c]
j  org.apache.catalina.core.StandardWrapperValve.invoke(Lorg/apache/catalina/connector/Request;Lorg/apache/catalina/connector/Response;)V+688
j  org.apache.catalina.core.StandardContextValve.invoke(Lorg/apache/catalina/connector/Request;Lorg/apache/catalina/connector/Response;)V+166
j  org.apache.catalina.authenticator.AuthenticatorBase.invoke(Lorg/apache/catalina/connector/Request;Lorg/apache/catalina/connector/Response;)V+260
j  org.apache.catalina.core.StandardHostValve.invoke(Lorg/apache/catalina/connector/Request;Lorg/apache/catalina/connector/Response;)V+114
j  org.apache.catalina.valves.ErrorReportValve.invoke(Lorg/apache/catalina/connector/Request;Lorg/apache/catalina/connector/Response;)V+6
j  org.apache.catalina.core.StandardEngineValve.invoke(Lorg/apache/catalina/connector/Request;Lorg/apache/catalina/connector/Response;)V+45
j  org.apache.catalina.connector.CoyoteAdapter.service(Lorg/apache/coyote/Request;Lorg/apache/coyote/Response;)V+199
j  org.apache.coyote.http11.Http11Processor.service(Lorg/apache/tomcat/util/net/SocketWrapperBase;)Lorg/apache/tomcat/util/net/AbstractEndpoint$Handler$SocketState;+791
j  org.apache.coyote.AbstractProcessorLight.process(Lorg/apache/tomcat/util/net/SocketWrapperBase;Lorg/apache/tomcat/util/net/SocketEvent;)Lorg/apache/tomcat/util/net/AbstractEndpoint$Handler$SocketState;+113
j  org.apache.coyote.AbstractProtocol$ConnectionHandler.process(Lorg/apache/tomcat/util/net/SocketWrapperBase;Lorg/apache/tomcat/util/net/SocketEvent;)Lorg/apache/tomcat/util/net/AbstractEndpoint$Handler$SocketState;+422
j  org.apache.tomcat.util.net.NioEndpoint$SocketProcessor.doRun()V+191
j  org.apache.tomcat.util.net.SocketProcessorBase.run()V+21
J 6287 C1 java.util.concurrent.ThreadPoolExecutor.runWorker(Ljava/util/concurrent/ThreadPoolExecutor$Worker;)V (225 bytes) @ 0x00000000037f91bc [0x00000000037f8180+0x103c]
J 7480 C1 java.util.concurrent.ThreadPoolExecutor$Worker.run()V (9 bytes) @ 0x0000000003e92604 [0x0000000003e92500+0x104]
J 7479 C1 org.apache.tomcat.util.threads.TaskThread$WrappingRunnable.run()V (25 bytes) @ 0x0000000003e900c4 [0x0000000003e8ffc0+0x104]
J 6745 C1 java.lang.Thread.run()V (17 bytes) @ 0x0000000002ec16c4 [0x0000000002ec1580+0x144]
v  ~StubRoutines::call_stub

---------------  P R O C E S S  ---------------

Java Threads: ( => current thread )
  0x000000001fe64000 JavaThread "http-nio-8080-Acceptor-0" daemon [_thread_in_native, id=9344, stack(0x0000000060200000,0x0000000060300000)]
  0x000000001fe65800 JavaThread "http-nio-8080-ClientPoller-1" daemon [_thread_in_native, id=952, stack(0x0000000060100000,0x0000000060200000)]
  0x000000001ab7c800 JavaThread "http-nio-8080-ClientPoller-0" daemon [_thread_in_native, id=4368, stack(0x0000000060000000,0x0000000060100000)]
  0x000000001ab7f800 JavaThread "http-nio-8080-exec-10" daemon [_thread_blocked, id=3000, stack(0x000000005ff00000,0x0000000060000000)]
  0x000000001ab7e000 JavaThread "http-nio-8080-exec-9" daemon [_thread_blocked, id=11572, stack(0x000000005fe00000,0x000000005ff00000)]
  0x000000001ab7e800 JavaThread "http-nio-8080-exec-8" daemon [_thread_blocked, id=2796, stack(0x000000005fd00000,0x000000005fe00000)]
  0x000000001ab76800 JavaThread "http-nio-8080-exec-7" daemon [_thread_blocked, id=10964, stack(0x000000005fc00000,0x000000005fd00000)]
  0x000000001ab7b800 JavaThread "http-nio-8080-exec-6" daemon [_thread_blocked, id=9352, stack(0x000000005fb00000,0x000000005fc00000)]
  0x000000001ab7b000 JavaThread "http-nio-8080-exec-5" daemon [_thread_blocked, id=8240, stack(0x000000005fa00000,0x000000005fb00000)]
  0x000000001ab7a000 JavaThread "http-nio-8080-exec-4" daemon [_thread_blocked, id=4084, stack(0x000000005f900000,0x000000005fa00000)]
  0x000000001ab7d000 JavaThread "http-nio-8080-exec-3" daemon [_thread_blocked, id=9032, stack(0x000000005f800000,0x000000005f900000)]
=>0x000000001ab79800 JavaThread "http-nio-8080-exec-2" daemon [_thread_in_native, id=224, stack(0x000000005f700000,0x000000005f800000)]
  0x000000001ab78800 JavaThread "http-nio-8080-exec-1" daemon [_thread_blocked, id=10208, stack(0x000000005f600000,0x000000005f700000)]
  0x000000001ab71000 JavaThread "NioBlockingSelector.BlockPoller-45" daemon [_thread_in_native, id=7392, stack(0x000000005f500000,0x000000005f600000)]
  0x000000001ab77000 JavaThread "File Watcher" daemon [_thread_blocked, id=12208, stack(0x000000005f400000,0x000000005f500000)]
  0x000000001ab78000 JavaThread "container-0" [_thread_blocked, id=4004, stack(0x000000005f300000,0x000000005f400000)]
  0x000000001ab70800 JavaThread "Catalina-utility-2" [_thread_blocked, id=5600, stack(0x000000005f200000,0x000000005f300000)]
  0x000000001ab75800 JavaThread "Catalina-utility-1" [_thread_blocked, id=10376, stack(0x000000005f100000,0x000000005f200000)]
  0x000000001ab72800 JavaThread "DestroyJavaVM" [_thread_blocked, id=11976, stack(0x0000000002600000,0x0000000002700000)]
  0x000000001d84b800 JavaThread "Live Reload Server" daemon [_thread_in_native, id=12192, stack(0x0000000021e00000,0x0000000021f00000)]
  0x0000000018cba800 JavaThread "Service Thread" daemon [_thread_blocked, id=10176, stack(0x0000000019090000,0x0000000019190000)]
  0x0000000017335800 JavaThread "C1 CompilerThread2" daemon [_thread_blocked, id=11544, stack(0x0000000018b90000,0x0000000018c90000)]
  0x0000000017328000 JavaThread "C2 CompilerThread1" daemon [_thread_blocked, id=1368, stack(0x0000000018a90000,0x0000000018b90000)]
  0x0000000017322000 JavaThread "C2 CompilerThread0" daemon [_thread_blocked, id=1768, stack(0x0000000018990000,0x0000000018a90000)]
  0x0000000017320800 JavaThread "Attach Listener" daemon [_thread_blocked, id=10484, stack(0x0000000018890000,0x0000000018990000)]
  0x000000001731f000 JavaThread "Signal Dispatcher" daemon [_thread_blocked, id=10356, stack(0x0000000018790000,0x0000000018890000)]
  0x00000000027fc000 JavaThread "Finalizer" daemon [_thread_blocked, id=6556, stack(0x0000000018580000,0x0000000018680000)]
  0x00000000027f3000 JavaThread "Reference Handler" daemon [_thread_blocked, id=7648, stack(0x0000000018480000,0x0000000018580000)]

Other Threads:
  0x00000000172e7000 VMThread [stack: 0x0000000018380000,0x0000000018480000] [id=1760]
  0x0000000018cd1000 WatcherThread [stack: 0x00000000192e0000,0x00000000193e0000] [id=11584]

VM state:not at safepoint (normal execution)

VM Mutex/Monitor currently owned by a thread: None

Heap:
 PSYoungGen      total 181248K, used 58883K [0x00000000d5f80000, 0x00000000e1400000, 0x0000000100000000)
  eden space 177664K, 33% used [0x00000000d5f80000,0x00000000d9900d48,0x00000000e0d00000)
  from space 3584K, 0% used [0x00000000e0d00000,0x00000000e0d00000,0x00000000e1080000)
  to   space 3584K, 0% used [0x00000000e1080000,0x00000000e1080000,0x00000000e1400000)
 ParOldGen       total 75776K, used 14587K [0x0000000081e00000, 0x0000000086800000, 0x00000000d5f80000)
  object space 75776K, 19% used [0x0000000081e00000,0x0000000082c3ec58,0x0000000086800000)
 Metaspace       used 40860K, capacity 46004K, committed 46256K, reserved 1089536K
  class space    used 4935K, capacity 5449K, committed 5552K, reserved 1048576K

Card table byte_map: [0x0000000011bc0000,0x0000000011fc0000] byte_map_base: 0x00000000117b1000

Marking Bits: (ParMarkBitMap*) 0x000000006e36a6c0
 Begin Bits: [0x0000000012670000, 0x00000000145f8000)
 End Bits:   [0x00000000145f8000, 0x0000000016580000)

Polling page: 0x0000000002440000

CodeCache: size=245760Kb used=26977Kb max_used=27031Kb free=218782Kb
 bounds [0x0000000002800000, 0x00000000042a0000, 0x0000000011800000]
 total_blobs=7543 nmethods=7098 adapters=356
 compilation: enabled

Compilation events (10 events):
Event: 6641.666 Thread 0x0000000017335800 8861       3       org.apache.catalina.core.ApplicationContext::getEffectiveSessionTrackingModes (17 bytes)
Event: 6641.666 Thread 0x0000000017335800 nmethod 8861 0x000000000305f090 code [0x000000000305f1e0, 0x000000000305f370]
Event: 6641.666 Thread 0x0000000017335800 8862       3       org.apache.catalina.connector.Request::isAsync (34 bytes)
Event: 6641.666 Thread 0x0000000017335800 nmethod 8862 0x00000000036d1410 code [0x00000000036d15a0, 0x00000000036d1aa8]
Event: 6641.666 Thread 0x0000000017335800 8863       3       org.apache.tomcat.util.http.parser.HttpParser::readWeight (246 bytes)
Event: 6641.668 Thread 0x0000000017335800 nmethod 8863 0x00000000034eb550 code [0x00000000034eb9e0, 0x00000000034ee308]
Event: 6641.670 Thread 0x0000000017335800 8864       3       org.apache.catalina.core.ContainerBase::getAccessLog (108 bytes)
Event: 6641.670 Thread 0x0000000017335800 nmethod 8864 0x00000000037b9490 code [0x00000000037b9660, 0x00000000037b9f68]
Event: 6645.952 Thread 0x0000000017322000 8865   !   4       java.io.StringReader::read (52 bytes)
Event: 6645.956 Thread 0x0000000017322000 nmethod 8865 0x0000000002b9f090 code [0x0000000002b9f1e0, 0x0000000002b9f658]

GC Heap History (10 events):
Event: 6572.855 GC heap before
{Heap before GC invocations=93 (full 44):
 PSYoungGen      total 180736K, used 2651K [0x00000000d5f80000, 0x00000000e1400000, 0x0000000100000000)
  eden space 177664K, 0% used [0x00000000d5f80000,0x00000000d5f80000,0x00000000e0d00000)
  from space 3072K, 86% used [0x00000000e0d00000,0x00000000e0f96d70,0x00000000e1000000)
  to   space 3584K, 0% used [0x00000000e1080000,0x00000000e1080000,0x00000000e1400000)
 ParOldGen       total 75776K, used 14396K [0x0000000081e00000, 0x0000000086800000, 0x00000000d5f80000)
  object space 75776K, 18% used [0x0000000081e00000,0x0000000082c0f128,0x0000000086800000)
 Metaspace       used 40667K, capacity 45608K, committed 45744K, reserved 1089536K
  class space    used 4923K, capacity 5436K, committed 5552K, reserved 1048576K
Event: 6572.955 GC heap after
Heap after GC invocations=93 (full 44):
 PSYoungGen      total 180736K, used 0K [0x00000000d5f80000, 0x00000000e1400000, 0x0000000100000000)
  eden space 177664K, 0% used [0x00000000d5f80000,0x00000000d5f80000,0x00000000e0d00000)
  from space 3072K, 0% used [0x00000000e0d00000,0x00000000e0d00000,0x00000000e1000000)
  to   space 3584K, 0% used [0x00000000e1080000,0x00000000e1080000,0x00000000e1400000)
 ParOldGen       total 75776K, used 14456K [0x0000000081e00000, 0x0000000086800000, 0x00000000d5f80000)
  object space 75776K, 19% used [0x0000000081e00000,0x0000000082c1e1f8,0x0000000086800000)
 Metaspace       used 40664K, capacity 45602K, committed 45744K, reserved 1089536K
  class space    used 4923K, capacity 5434K, committed 5552K, reserved 1048576K
}
Event: 6628.194 GC heap before
{Heap before GC invocations=94 (full 44):
 PSYoungGen      total 180736K, used 62919K [0x00000000d5f80000, 0x00000000e1400000, 0x0000000100000000)
  eden space 177664K, 35% used [0x00000000d5f80000,0x00000000d9cf1ee0,0x00000000e0d00000)
  from space 3072K, 0% used [0x00000000e0d00000,0x00000000e0d00000,0x00000000e1000000)
  to   space 3584K, 0% used [0x00000000e1080000,0x00000000e1080000,0x00000000e1400000)
 ParOldGen       total 75776K, used 14456K [0x0000000081e00000, 0x0000000086800000, 0x00000000d5f80000)
  object space 75776K, 19% used [0x0000000081e00000,0x0000000082c1e1f8,0x0000000086800000)
 Metaspace       used 40773K, capacity 45824K, committed 46000K, reserved 1089536K
  class space    used 4927K, capacity 5440K, committed 5552K, reserved 1048576K
Event: 6628.198 GC heap after
Heap after GC invocations=94 (full 44):
 PSYoungGen      total 181248K, used 2715K [0x00000000d5f80000, 0x00000000e1400000, 0x0000000100000000)
  eden space 177664K, 0% used [0x00000000d5f80000,0x00000000d5f80000,0x00000000e0d00000)
  from space 3584K, 75% used [0x00000000e1080000,0x00000000e1326d70,0x00000000e1400000)
  to   space 3584K, 0% used [0x00000000e0d00000,0x00000000e0d00000,0x00000000e1080000)
 ParOldGen       total 75776K, used 14464K [0x0000000081e00000, 0x0000000086800000, 0x00000000d5f80000)
  object space 75776K, 19% used [0x0000000081e00000,0x0000000082c201f8,0x0000000086800000)
 Metaspace       used 40773K, capacity 45824K, committed 46000K, reserved 1089536K
  class space    used 4927K, capacity 5440K, committed 5552K, reserved 1048576K
}
Event: 6628.198 GC heap before
{Heap before GC invocations=95 (full 45):
 PSYoungGen      total 181248K, used 2715K [0x00000000d5f80000, 0x00000000e1400000, 0x0000000100000000)
  eden space 177664K, 0% used [0x00000000d5f80000,0x00000000d5f80000,0x00000000e0d00000)
  from space 3584K, 75% used [0x00000000e1080000,0x00000000e1326d70,0x00000000e1400000)
  to   space 3584K, 0% used [0x00000000e0d00000,0x00000000e0d00000,0x00000000e1080000)
 ParOldGen       total 75776K, used 14464K [0x0000000081e00000, 0x0000000086800000, 0x00000000d5f80000)
  object space 75776K, 19% used [0x0000000081e00000,0x0000000082c201f8,0x0000000086800000)
 Metaspace       used 40773K, capacity 45824K, committed 46000K, reserved 1089536K
  class space    used 4927K, capacity 5440K, committed 5552K, reserved 1048576K
Event: 6628.265 GC heap after
Heap after GC invocations=95 (full 45):
 PSYoungGen      total 181248K, used 0K [0x00000000d5f80000, 0x00000000e1400000, 0x0000000100000000)
  eden space 177664K, 0% used [0x00000000d5f80000,0x00000000d5f80000,0x00000000e0d00000)
  from space 3584K, 0% used [0x00000000e1080000,0x00000000e1080000,0x00000000e1400000)
  to   space 3584K, 0% used [0x00000000e0d00000,0x00000000e0d00000,0x00000000e1080000)
 ParOldGen       total 75776K, used 14526K [0x0000000081e00000, 0x0000000086800000, 0x00000000d5f80000)
  object space 75776K, 19% used [0x0000000081e00000,0x0000000082c2f8a0,0x0000000086800000)
 Metaspace       used 40770K, capacity 45818K, committed 46000K, reserved 1089536K
  class space    used 4926K, capacity 5438K, committed 5552K, reserved 1048576K
}
Event: 6640.195 GC heap before
{Heap before GC invocations=96 (full 45):
 PSYoungGen      total 181248K, used 63983K [0x00000000d5f80000, 0x00000000e1400000, 0x0000000100000000)
  eden space 177664K, 36% used [0x00000000d5f80000,0x00000000d9dfbd08,0x00000000e0d00000)
  from space 3584K, 0% used [0x00000000e1080000,0x00000000e1080000,0x00000000e1400000)
  to   space 3584K, 0% used [0x00000000e0d00000,0x00000000e0d00000,0x00000000e1080000)
 ParOldGen       total 75776K, used 14526K [0x0000000081e00000, 0x0000000086800000, 0x00000000d5f80000)
  object space 75776K, 19% used [0x0000000081e00000,0x0000000082c2f8a0,0x0000000086800000)
 Metaspace       used 40819K, capacity 45908K, committed 46256K, reserved 1089536K
  class space    used 4930K, capacity 5444K, committed 5552K, reserved 1048576K
Event: 6640.199 GC heap after
Heap after GC invocations=96 (full 45):
 PSYoungGen      total 181248K, used 2672K [0x00000000d5f80000, 0x00000000e1400000, 0x0000000100000000)
  eden space 177664K, 0% used [0x00000000d5f80000,0x00000000d5f80000,0x00000000e0d00000)
  from space 3584K, 74% used [0x00000000e0d00000,0x00000000e0f9c2f8,0x00000000e1080000)
  to   space 3584K, 0% used [0x00000000e1080000,0x00000000e1080000,0x00000000e1400000)
 ParOldGen       total 75776K, used 14534K [0x0000000081e00000, 0x0000000086800000, 0x00000000d5f80000)
  object space 75776K, 19% used [0x0000000081e00000,0x0000000082c318a0,0x0000000086800000)
 Metaspace       used 40819K, capacity 45908K, committed 46256K, reserved 1089536K
  class space    used 4930K, capacity 5444K, committed 5552K, reserved 1048576K
}
Event: 6640.199 GC heap before
{Heap before GC invocations=97 (full 46):
 PSYoungGen      total 181248K, used 2672K [0x00000000d5f80000, 0x00000000e1400000, 0x0000000100000000)
  eden space 177664K, 0% used [0x00000000d5f80000,0x00000000d5f80000,0x00000000e0d00000)
  from space 3584K, 74% used [0x00000000e0d00000,0x00000000e0f9c2f8,0x00000000e1080000)
  to   space 3584K, 0% used [0x00000000e1080000,0x00000000e1080000,0x00000000e1400000)
 ParOldGen       total 75776K, used 14534K [0x0000000081e00000, 0x0000000086800000, 0x00000000d5f80000)
  object space 75776K, 19% used [0x0000000081e00000,0x0000000082c318a0,0x0000000086800000)
 Metaspace       used 40819K, capacity 45908K, committed 46256K, reserved 1089536K
  class space    used 4930K, capacity 5444K, committed 5552K, reserved 1048576K
Event: 6640.262 GC heap after
Heap after GC invocations=97 (full 46):
 PSYoungGen      total 181248K, used 0K [0x00000000d5f80000, 0x00000000e1400000, 0x0000000100000000)
  eden space 177664K, 0% used [0x00000000d5f80000,0x00000000d5f80000,0x00000000e0d00000)
  from space 3584K, 0% used [0x00000000e0d00000,0x00000000e0d00000,0x00000000e1080000)
  to   space 3584K, 0% used [0x00000000e1080000,0x00000000e1080000,0x00000000e1400000)
 ParOldGen       total 75776K, used 14587K [0x0000000081e00000, 0x0000000086800000, 0x00000000d5f80000)
  object space 75776K, 19% used [0x0000000081e00000,0x0000000082c3ec58,0x0000000086800000)
 Metaspace       used 40816K, capacity 45902K, committed 46256K, reserved 1089536K
  class space    used 4930K, capacity 5442K, committed 5552K, reserved 1048576K
}

Deoptimization events (10 events):
Event: 6269.781 Thread 0x000000001ab78800 Uncommon trap: reason=unstable_if action=reinterpret pc=0x00000000038d4970 method=org.springframework.util.ConcurrentReferenceHashMap$Segment.doTask(ILjava/lang/Object;Lorg/springframework/util/ConcurrentReferenceHashMap$Task;)Ljava/lang/Object; @ 86
Event: 6269.781 Thread 0x000000001ab78800 Uncommon trap: reason=unstable_if action=reinterpret pc=0x0000000003d95a08 method=org.springframework.util.ConcurrentReferenceHashMap$1.execute(Lorg/springframework/util/ConcurrentReferenceHashMap$Reference;Lorg/springframework/util/ConcurrentReferenceHas
Event: 6275.492 Thread 0x000000001ab7a000 Uncommon trap: reason=unstable_if action=reinterpret pc=0x0000000003023c4c method=org.springframework.util.ConcurrentReferenceHashMap$Segment.doTask(ILjava/lang/Object;Lorg/springframework/util/ConcurrentReferenceHashMap$Task;)Ljava/lang/Object; @ 86
Event: 6277.917 Thread 0x000000001ab74000 Uncommon trap: reason=unstable_if action=reinterpret pc=0x0000000003a007f0 method=java.util.concurrent.locks.AbstractQueuedSynchronizer.transferForSignal(Ljava/util/concurrent/locks/AbstractQueuedSynchronizer$Node;)Z @ 7
Event: 6299.109 Thread 0x000000001fe60800 Uncommon trap: reason=bimorphic action=maybe_recompile pc=0x00000000032ac338 method=java.util.concurrent.ConcurrentHashMap.putVal(Ljava/lang/Object;Ljava/lang/Object;Z)Ljava/lang/Object; @ 192
Event: 6451.911 Thread 0x000000001fe65800 Uncommon trap: reason=null_check action=make_not_entrant pc=0x00000000040e048c method=org.springframework.core.convert.TypeDescriptor.isCollection()Z @ 6
Event: 6465.876 Thread 0x000000001ab74000 Uncommon trap: reason=null_check action=make_not_entrant pc=0x000000000410c418 method=org.springframework.core.convert.TypeDescriptor.isMap()Z @ 6
Event: 6478.736 Thread 0x000000001ab74000 Uncommon trap: reason=null_check action=make_not_entrant pc=0x00000000032873ec method=org.springframework.context.annotation.ConfigurationClassUtils.isFullConfigurationClass(Lorg/springframework/beans/factory/config/BeanDefinition;)Z @ 11
Event: 6511.777 Thread 0x000000001ab77000 Uncommon trap: reason=null_check action=make_not_entrant pc=0x00000000041a2898 method=org.springframework.beans.factory.support.DisposableBeanAdapter.hasDestroyMethod(Ljava/lang/Object;Lorg/springframework/beans/factory/support/RootBeanDefinition;)Z @ 24
Event: 6573.243 Thread 0x000000001ab75800 Uncommon trap: reason=null_check action=make_not_entrant pc=0x00000000042111a4 method=org.springframework.beans.factory.support.DefaultListableBeanFactory.isSelfReference(Ljava/lang/String;Ljava/lang/String;)Z @ 33

Internal exceptions (10 events):
Event: 6628.273 Thread 0x000000001fe5f800 Exception <a 'java/io/FileNotFoundException'> (0x00000000d62f5578) thrown at [C:\re\workspace\8-2-build-windows-amd64-cygwin\jdk8u111\7883\hotspot\src\share\vm\prims\jni.cpp, line 709]
Event: 6628.284 Thread 0x000000001fe5f800 Exception <a 'java/lang/NoClassDefFoundError': org/springframework/jdbc/CannotGetJdbcConnectionException> (0x00000000d6584420) thrown at [C:\re\workspace\8-2-build-windows-amd64-cygwin\jdk8u111\7883\hotspot\src\share\vm\classfile\systemDictionary.cpp, lin
Event: 6628.490 Thread 0x000000001fe5f800 Exception <a 'java/io/FileNotFoundException'> (0x00000000d8451b00) thrown at [C:\re\workspace\8-2-build-windows-amd64-cygwin\jdk8u111\7883\hotspot\src\share\vm\prims\jni.cpp, line 709]
Event: 6628.498 Thread 0x000000001fe5f800 Exception <a 'java/io/FileNotFoundException'> (0x00000000d84ecdf8) thrown at [C:\re\workspace\8-2-build-windows-amd64-cygwin\jdk8u111\7883\hotspot\src\share\vm\prims\jni.cpp, line 709]
Event: 6628.590 Thread 0x000000001fe60800 Exception <a 'java/io/IOException'> (0x00000000d8f0bc70) thrown at [C:\re\workspace\8-2-build-windows-amd64-cygwin\jdk8u111\7883\hotspot\src\share\vm\prims\jni.cpp, line 709]
Event: 6640.195 Thread 0x000000001fe66800 Exception <a 'java/lang/InterruptedException': sleep interrupted> (0x00000000d9d1dc00) thrown at [C:\re\workspace\8-2-build-windows-amd64-cygwin\jdk8u111\7883\hotspot\src\share\vm\prims\jvm.cpp, line 3224]
Event: 6640.270 Thread 0x000000001ab75000 Exception <a 'java/io/FileNotFoundException'> (0x00000000d6485140) thrown at [C:\re\workspace\8-2-build-windows-amd64-cygwin\jdk8u111\7883\hotspot\src\share\vm\prims\jni.cpp, line 709]
Event: 6640.282 Thread 0x000000001ab75000 Exception <a 'java/lang/NoClassDefFoundError': org/springframework/jdbc/CannotGetJdbcConnectionException> (0x00000000d6713ef8) thrown at [C:\re\workspace\8-2-build-windows-amd64-cygwin\jdk8u111\7883\hotspot\src\share\vm\classfile\systemDictionary.cpp, lin
Event: 6640.467 Thread 0x000000001ab75000 Exception <a 'java/io/FileNotFoundException'> (0x00000000d8565c80) thrown at [C:\re\workspace\8-2-build-windows-amd64-cygwin\jdk8u111\7883\hotspot\src\share\vm\prims\jni.cpp, line 709]
Event: 6640.476 Thread 0x000000001ab75000 Exception <a 'java/io/FileNotFoundException'> (0x00000000d8600d88) thrown at [C:\re\workspace\8-2-build-windows-amd64-cygwin\jdk8u111\7883\hotspot\src\share\vm\prims\jni.cpp, line 709]

Events (10 events):
Event: 6641.669 Executing VM operation: RevokeBias
Event: 6641.669 Executing VM operation: RevokeBias done
Event: 6641.670 Executing VM operation: RevokeBias
Event: 6641.670 Executing VM operation: RevokeBias done
Event: 6641.670 Executing VM operation: RevokeBias
Event: 6641.670 Executing VM operation: RevokeBias done
Event: 6645.952 Executing VM operation: RevokeBias
Event: 6645.952 Executing VM operation: RevokeBias done
Event: 6645.952 Executing VM operation: RevokeBias
Event: 6645.952 Executing VM operation: RevokeBias done


Dynamic libraries:
0x00007ff75a710000 - 0x00007ff75a747000 	C:\Program Files\Java\jdk1.8.0_111\bin\javaw.exe
0x00007ff8e5e60000 - 0x00007ff8e6041000 	C:\WINDOWS\SYSTEM32\ntdll.dll
0x00007ff8e4f40000 - 0x00007ff8e4ff1000 	C:\WINDOWS\System32\KERNEL32.DLL
0x00007ff8e2280000 - 0x00007ff8e24f3000 	C:\WINDOWS\System32\KERNELBASE.dll
0x00007ff8e5330000 - 0x00007ff8e53d1000 	C:\WINDOWS\System32\ADVAPI32.dll
0x00007ff8e5930000 - 0x00007ff8e59ce000 	C:\WINDOWS\System32\msvcrt.dll
0x00007ff8e3630000 - 0x00007ff8e368b000 	C:\WINDOWS\System32\sechost.dll
0x00007ff8e38d0000 - 0x00007ff8e39f4000 	C:\WINDOWS\System32\RPCRT4.dll
0x00007ff8e5ca0000 - 0x00007ff8e5e30000 	C:\WINDOWS\System32\USER32.dll
0x00007ff8e2730000 - 0x00007ff8e2750000 	C:\WINDOWS\System32\win32u.dll
0x00007ff8e4f10000 - 0x00007ff8e4f38000 	C:\WINDOWS\System32\GDI32.dll
0x00007ff8e2750000 - 0x00007ff8e28e2000 	C:\WINDOWS\System32\gdi32full.dll
0x00007ff8e3000000 - 0x00007ff8e309f000 	C:\WINDOWS\System32\msvcp_win.dll
0x00007ff8e25b0000 - 0x00007ff8e26a8000 	C:\WINDOWS\System32\ucrtbase.dll
0x00007ff8d2950000 - 0x00007ff8d2bb9000 	C:\WINDOWS\WinSxS\amd64_microsoft.windows.common-controls_6595b64144ccf1df_6.0.17134.753_none_fb40a13930672597\COMCTL32.dll
0x00007ff8e32f0000 - 0x00007ff8e3612000 	C:\WINDOWS\System32\combase.dll
0x00007ff8e26b0000 - 0x00007ff8e272a000 	C:\WINDOWS\System32\bcryptPrimitives.dll
0x00007ff8e5010000 - 0x00007ff8e503d000 	C:\WINDOWS\System32\IMM32.DLL
0x000000006d970000 - 0x000000006da42000 	C:\Program Files\Java\jdk1.8.0_111\jre\bin\msvcr100.dll
0x000000006db50000 - 0x000000006e3ea000 	C:\Program Files\Java\jdk1.8.0_111\jre\bin\server\jvm.dll
0x00007ff8e5000000 - 0x00007ff8e5008000 	C:\WINDOWS\System32\PSAPI.DLL
0x00007ff8dfd50000 - 0x00007ff8dfd73000 	C:\WINDOWS\SYSTEM32\WINMM.dll
0x00007ff8d51c0000 - 0x00007ff8d51ca000 	C:\WINDOWS\SYSTEM32\VERSION.dll
0x00007ff8dfd20000 - 0x00007ff8dfd4a000 	C:\WINDOWS\SYSTEM32\WINMMBASE.dll
0x00007ff8e2230000 - 0x00007ff8e2279000 	C:\WINDOWS\System32\cfgmgr32.dll
0x00007ff8cc8c0000 - 0x00007ff8cc8c9000 	C:\WINDOWS\SYSTEM32\WSOCK32.dll
0x00007ff8e5c30000 - 0x00007ff8e5c9c000 	C:\WINDOWS\System32\WS2_32.dll
0x000000006db40000 - 0x000000006db4f000 	C:\Program Files\Java\jdk1.8.0_111\jre\bin\verify.dll
0x000000006db10000 - 0x000000006db39000 	C:\Program Files\Java\jdk1.8.0_111\jre\bin\java.dll
0x000000006daf0000 - 0x000000006db06000 	C:\Program Files\Java\jdk1.8.0_111\jre\bin\zip.dll
0x00007ff8e3a00000 - 0x00007ff8e4e40000 	C:\WINDOWS\System32\SHELL32.dll
0x00007ff8e3820000 - 0x00007ff8e38c9000 	C:\WINDOWS\System32\shcore.dll
0x00007ff8e28f0000 - 0x00007ff8e2ffd000 	C:\WINDOWS\System32\windows.storage.dll
0x00007ff8e5a30000 - 0x00007ff8e5a81000 	C:\WINDOWS\System32\shlwapi.dll
0x00007ff8e21c0000 - 0x00007ff8e21d1000 	C:\WINDOWS\System32\kernel.appcore.dll
0x00007ff8e2210000 - 0x00007ff8e222f000 	C:\WINDOWS\System32\profapi.dll
0x00007ff8e2170000 - 0x00007ff8e21bc000 	C:\WINDOWS\System32\powrprof.dll
0x00007ff8e21e0000 - 0x00007ff8e21ea000 	C:\WINDOWS\System32\FLTLIB.DLL
0x000000006d960000 - 0x000000006d96d000 	C:\Program Files\Java\jdk1.8.0_111\jre\bin\management.dll
0x000000006dad0000 - 0x000000006daea000 	C:\Program Files\Java\jdk1.8.0_111\jre\bin\net.dll
0x00007ff8e1990000 - 0x00007ff8e19f6000 	C:\WINDOWS\system32\mswsock.dll
0x00007ff8cba60000 - 0x00007ff8cba76000 	C:\WINDOWS\system32\napinsp.dll
0x00007ff8cba40000 - 0x00007ff8cba5a000 	C:\WINDOWS\system32\pnrpnsp.dll
0x00007ff8de9e0000 - 0x00007ff8de9f9000 	C:\WINDOWS\system32\NLAapi.dll
0x00007ff8e1750000 - 0x00007ff8e180e000 	C:\WINDOWS\SYSTEM32\DNSAPI.dll
0x00007ff8e3620000 - 0x00007ff8e3628000 	C:\WINDOWS\System32\NSI.dll
0x00007ff8e1710000 - 0x00007ff8e1748000 	C:\WINDOWS\SYSTEM32\IPHLPAPI.DLL
0x00007ff8cba30000 - 0x00007ff8cba3e000 	C:\WINDOWS\System32\winrnr.dll
0x00007ff8dbf50000 - 0x00007ff8dbf5a000 	C:\Windows\System32\rasadhlp.dll
0x00007ff8dc7b0000 - 0x00007ff8dc822000 	C:\WINDOWS\System32\fwpuclnt.dll
0x00007ff8e1c70000 - 0x00007ff8e1c95000 	C:\WINDOWS\SYSTEM32\bcrypt.dll
0x000000006dab0000 - 0x000000006dac1000 	C:\Program Files\Java\jdk1.8.0_111\jre\bin\nio.dll
0x00007ff8e1b40000 - 0x00007ff8e1b57000 	C:\WINDOWS\SYSTEM32\CRYPTSP.dll
0x00007ff8e1570000 - 0x00007ff8e15a3000 	C:\WINDOWS\system32\rsaenh.dll
0x00007ff8e2070000 - 0x00007ff8e2098000 	C:\WINDOWS\SYSTEM32\USERENV.dll
0x00007ff8e1b60000 - 0x00007ff8e1b6b000 	C:\WINDOWS\SYSTEM32\CRYPTBASE.dll
0x00007ff8dd2e0000 - 0x00007ff8dd2f6000 	C:\WINDOWS\SYSTEM32\dhcpcsvc6.DLL
0x00007ff8dd2b0000 - 0x00007ff8dd2ca000 	C:\WINDOWS\SYSTEM32\dhcpcsvc.DLL
0x00007ff8d6280000 - 0x00007ff8d62b9000 	C:\Windows\System32\NBioBSPJNI.dll
0x00007ff88b390000 - 0x00007ff88b928000 	C:\WINDOWS\SYSTEM32\NBioBSP.dll
0x00007ff8e5240000 - 0x00007ff8e532d000 	C:\WINDOWS\System32\COMDLG32.dll
0x00007ff8e50e0000 - 0x00007ff8e5231000 	C:\WINDOWS\System32\ole32.dll
0x00007ff8c8920000 - 0x00007ff8c8927000 	C:\WINDOWS\SYSTEM32\MSIMG32.dll
0x00007ff8e4e40000 - 0x00007ff8e4f02000 	C:\WINDOWS\System32\OLEAUT32.dll
0x00007ff8dd610000 - 0x00007ff8dd695000 	C:\WINDOWS\SYSTEM32\WINSPOOL.DRV
0x00007ff8cd500000 - 0x00007ff8cd69b000 	C:\WINDOWS\WinSxS\amd64_microsoft.windows.gdiplus_6595b64144ccf1df_1.1.17134.753_none_2c2b941e8af99f65\gdiplus.dll
0x00007ff8c1bc0000 - 0x00007ff8c1c2b000 	C:\WINDOWS\SYSTEM32\OLEACC.dll
0x00007ff8de3b0000 - 0x00007ff8de564000 	C:\WINDOWS\SYSTEM32\PROPSYS.dll
0x00007ff8e0830000 - 0x00007ff8e08c8000 	C:\WINDOWS\system32\UxTheme.dll
0x00007ff8e0910000 - 0x00007ff8e0939000 	C:\WINDOWS\system32\dwmapi.dll
0x00007ff8a5e00000 - 0x00007ff8a5fc9000 	C:\WINDOWS\SYSTEM32\dbghelp.dll

VM Arguments:
jvm_args: -Dfile.encoding=UTF-8 
java_command: com.fingertech.api.FingertechAPI.FingertechApiApplication
java_class_path (initial): C:\Users\pedro\Documents\projeto Web Restfull\FingertechAPI\FingertechAPI\target\classes;C:\Users\pedro\Documents\projeto Web Restfull\eNBioBSP_SDK_JAVA_v1.0.0.15\eNBioBSP_SDK_JAVA_v1.0.0.15\Lib\NBioBSPJNI.jar;C:\Users\pedro\.m2\repository\org\springframework\boot\spring-boot-starter-web\2.1.5.RELEASE\spring-boot-starter-web-2.1.5.RELEASE.jar;C:\Users\pedro\.m2\repository\org\springframework\boot\spring-boot-starter\2.1.5.RELEASE\spring-boot-starter-2.1.5.RELEASE.jar;C:\Users\pedro\.m2\repository\org\springframework\boot\spring-boot-starter-logging\2.1.5.RELEASE\spring-boot-starter-logging-2.1.5.RELEASE.jar;C:\Users\pedro\.m2\repository\ch\qos\logback\logback-classic\1.2.3\logback-classic-1.2.3.jar;C:\Users\pedro\.m2\repository\ch\qos\logback\logback-core\1.2.3\logback-core-1.2.3.jar;C:\Users\pedro\.m2\repository\org\apache\logging\log4j\log4j-to-slf4j\2.11.2\log4j-to-slf4j-2.11.2.jar;C:\Users\pedro\.m2\repository\org\apache\logging\log4j\log4j-api\2.11.2\log4j-api-2.11.2.jar;C:\Users\pedro\.m2\repository\org\slf4j\jul-to-slf4j\1.7.26\jul-to-slf4j-1.7.26.jar;C:\Users\pedro\.m2\repository\javax\annotation\javax.annotation-api\1.3.2\javax.annotation-api-1.3.2.jar;C:\Users\pedro\.m2\repository\org\yaml\snakeyaml\1.23\snakeyaml-1.23.jar;C:\Users\pedro\.m2\repository\org\springframework\boot\spring-boot-starter-json\2.1.5.RELEASE\spring-boot-starter-json-2.1.5.RELEASE.jar;C:\Users\pedro\.m2\repository\com\fasterxml\jackson\core\jackson-databind\2.9.8\jackson-databind-2.9.8.jar;C:\Users\pedro\.m2\repository\com\fasterxml\jackson\core\jackson-annotations\2.9.0\jackson-annotations-2.9.0.jar;C:\Users\pedro\.m2\repository\com\fasterxml\jackson\core\jackson-core\2.9.8\jackson-core-2.9.8.jar;C:\Users\pedro\.m2\repository\com\fasterxml\jackson\datatype\jackson-datatype-jdk8\2.9.8\jackson-datatype-jdk8-2.9.8.jar;C:\Users\pedro\.m2\repository\com\fasterxml\jackson\datatype\jackson-datatype-jsr310\2.9.8\jackson-datatype-jsr310-2.9.8.jar;C:\Users\pedro\.
Launcher Type: SUN_STANDARD

Environment Variables:
JAVA_HOME=C:\Program Files (x86)\Java\jdk1.8.0_144
PATH=C:/Program Files/Java/jdk1.8.0_111/jre/bin/server;C:/Program Files/Java/jdk1.8.0_111/jre/bin;C:/Program Files/Java/jdk1.8.0_111/jre/lib/amd64;C:\ProgramData\Oracle\Java\javapath;C:\Program Files (x86)\Common Files\Intel\Shared Files\cpp\bin\Intel64;C:\Program Files (x86)\Embarcadero\RAD Studio\11.0\bin;C:\Users\Public\Documents\RAD Studio\11.0\Bpl;C:\Program Files (x86)\Embarcadero\RAD Studio\11.0\bin64;C:\Users\Public\Documents\RAD Studio\11.0\Bpl\Win64;C:\Program Files (x86)\Embarcadero\RAD Studio\9.0\bin;C:\Users\Public\Documents\RAD Studio\9.0\Bpl;C:\Program Files (x86)\Embarcadero\RAD Studio\9.0\bin64;C:\Users\Public\Documents\RAD Studio\9.0\Bpl\Win64;C:\WINDOWS\system32;C:\WINDOWS;C:\WINDOWS\System32\Wbem;C:\WINDOWS\System32\WindowsPowerShell\v1.0\;C:\Program Files (x86)\Windows Kits\8.1\Windows Performance Toolkit\;C:\Program Files\Git\cmd;C:\PHP;C:\Program Files\TortoiseSVN\bin;C:\Program Files (x86)\StepOver\driver\;C:\Program Files (x86)\Microsoft SQL Server\Client SDK\ODBC\110\Tools\Binn\;C:\Program Files (x86)\Microsoft SQL Server\120\Tools\Binn\;C:\Program Files (x86)\Microsoft SQL Server\120\DTS\Binn\;C:\WINDOWS\System32\OpenSSH\;C:\Users\pedro\AppData\Local\Microsoft\WindowsApps;C:\Users\pedro\AppData\Local\GitHubDesktop\bin;C:\Users\pedro\AppData\Local\Microsoft\WindowsApps;C:\Program Files (x86)\Java\jdk1.8.0_144\bin;;C:\Users\pedro\Desktop;
USERNAME=pedro
OS=Windows_NT
PROCESSOR_IDENTIFIER=Intel64 Family 6 Model 60 Stepping 3, GenuineIntel



---------------  S Y S T E M  ---------------

OS: Windows 10.0 , 64 bit Build 17134 (10.0.17134.753)

CPU:total 4 (2 cores per cpu, 2 threads per core) family 6 model 60 stepping 3, cmov, cx8, fxsr, mmx, sse, sse2, sse3, ssse3, sse4.1, sse4.2, popcnt, avx, avx2, aes, clmul, erms, lzcnt, ht, tsc, tscinvbit, bmi1, bmi2

Memory: 4k page, physical 8263700k(1859416k free), swap 15616560k(1821996k free)

vm_info: Java HotSpot(TM) 64-Bit Server VM (25.111-b14) for windows-amd64 JRE (1.8.0_111-b14), built on Sep 22 2016 19:24:05 by "java_re" with MS VC++ 10.0 (VS2010)

time: Fri Jun 14 11:54:46 2019
elapsed time: 6646 seconds (0d 1h 50m 46s)

